<?xml version="1.0" encoding="UTF-8"?>
<coverage generated="1534414451313" clover="3.2.0">
  <project timestamp="1534414451313" name="All files">
    <metrics statements="77" coveredstatements="58" conditionals="28" coveredconditionals="21" methods="44" coveredmethods="35" elements="149" coveredelements="114" complexity="0" loc="77" ncloc="77" packages="18" files="18" classes="18">
      <package name="button">
        <metrics statements="2" coveredstatements="2" conditionals="0" coveredconditionals="0" methods="1" coveredmethods="1"/>
        <file name="index.js" path="/Users/chenjinxin/chenjinxin/ui/afo-vue-mobile/src/button/index.js">
          <metrics statements="2" coveredstatements="2" conditionals="0" coveredconditionals="0" methods="1" coveredmethods="1"/>
          <line num="3" count="1" type="stmt"/>
          <line num="4" count="1" type="stmt"/>
        </file>
      </package>
      <package name="button.components">
        <metrics statements="8" coveredstatements="8" conditionals="6" coveredconditionals="6" methods="5" coveredmethods="5"/>
        <file name="button.vue" path="/Users/chenjinxin/chenjinxin/ui/afo-vue-mobile/src/button/components/button.vue">
          <metrics statements="8" coveredstatements="8" conditionals="6" coveredconditionals="6" methods="5" coveredmethods="5"/>
          <line num="29" count="2" type="stmt"/>
          <line num="40" count="24" type="stmt"/>
          <line num="49" count="24" type="stmt"/>
          <line num="58" count="24" type="stmt"/>
          <line num="86" count="2" type="cond" truecount="4" falsecount="0"/>
          <line num="87" count="1" type="stmt"/>
          <line num="89" count="1" type="stmt"/>
          <line num="94" count="24" type="cond" truecount="2" falsecount="0"/>
        </file>
      </package>
      <package name="card">
        <metrics statements="2" coveredstatements="2" conditionals="0" coveredconditionals="0" methods="1" coveredmethods="1"/>
        <file name="index.js" path="/Users/chenjinxin/chenjinxin/ui/afo-vue-mobile/src/card/index.js">
          <metrics statements="2" coveredstatements="2" conditionals="0" coveredconditionals="0" methods="1" coveredmethods="1"/>
          <line num="3" count="1" type="stmt"/>
          <line num="4" count="1" type="stmt"/>
        </file>
      </package>
      <package name="icon">
        <metrics statements="2" coveredstatements="2" conditionals="0" coveredconditionals="0" methods="1" coveredmethods="1"/>
        <file name="index.js" path="/Users/chenjinxin/chenjinxin/ui/afo-vue-mobile/src/icon/index.js">
          <metrics statements="2" coveredstatements="2" conditionals="0" coveredconditionals="0" methods="1" coveredmethods="1"/>
          <line num="3" count="1" type="stmt"/>
          <line num="4" count="1" type="stmt"/>
        </file>
      </package>
      <package name="icon.components">
        <metrics statements="2" coveredstatements="2" conditionals="0" coveredconditionals="0" methods="2" coveredmethods="2"/>
        <file name="icon.vue" path="/Users/chenjinxin/chenjinxin/ui/afo-vue-mobile/src/icon/components/icon.vue">
          <metrics statements="2" coveredstatements="2" conditionals="0" coveredconditionals="0" methods="2" coveredmethods="2"/>
          <line num="32" count="1" type="stmt"/>
          <line num="37" count="68" type="stmt"/>
        </file>
      </package>
      <package name="icon.demo">
        <metrics statements="1" coveredstatements="1" conditionals="0" coveredconditionals="0" methods="1" coveredmethods="1"/>
        <file name="index.vue" path="/Users/chenjinxin/chenjinxin/ui/afo-vue-mobile/src/icon/demo/index.vue">
          <metrics statements="1" coveredstatements="1" conditionals="0" coveredconditionals="0" methods="1" coveredmethods="1"/>
          <line num="13" count="1" type="stmt"/>
        </file>
      </package>
      <package name="loading">
        <metrics statements="2" coveredstatements="2" conditionals="0" coveredconditionals="0" methods="1" coveredmethods="1"/>
        <file name="index.js" path="/Users/chenjinxin/chenjinxin/ui/afo-vue-mobile/src/loading/index.js">
          <metrics statements="2" coveredstatements="2" conditionals="0" coveredconditionals="0" methods="1" coveredmethods="1"/>
          <line num="3" count="1" type="stmt"/>
          <line num="4" count="1" type="stmt"/>
        </file>
      </package>
      <package name="loading.components">
        <metrics statements="2" coveredstatements="2" conditionals="0" coveredconditionals="0" methods="2" coveredmethods="2"/>
        <file name="loading.vue" path="/Users/chenjinxin/chenjinxin/ui/afo-vue-mobile/src/loading/components/loading.vue">
          <metrics statements="2" coveredstatements="2" conditionals="0" coveredconditionals="0" methods="2" coveredmethods="2"/>
          <line num="28" count="4" type="stmt"/>
          <line num="36" count="4" type="stmt"/>
        </file>
      </package>
      <package name="navbar">
        <metrics statements="2" coveredstatements="2" conditionals="0" coveredconditionals="0" methods="1" coveredmethods="1"/>
        <file name="index.js" path="/Users/chenjinxin/chenjinxin/ui/afo-vue-mobile/src/navbar/index.js">
          <metrics statements="2" coveredstatements="2" conditionals="0" coveredconditionals="0" methods="1" coveredmethods="1"/>
          <line num="3" count="1" type="stmt"/>
          <line num="4" count="1" type="stmt"/>
        </file>
      </package>
      <package name="navbar.components">
        <metrics statements="1" coveredstatements="1" conditionals="0" coveredconditionals="0" methods="1" coveredmethods="1"/>
        <file name="navbar.vue" path="/Users/chenjinxin/chenjinxin/ui/afo-vue-mobile/src/navbar/components/navbar.vue">
          <metrics statements="1" coveredstatements="1" conditionals="0" coveredconditionals="0" methods="1" coveredmethods="1"/>
          <line num="42" count="4" type="stmt"/>
        </file>
      </package>
      <package name="navbar.demo">
        <metrics statements="11" coveredstatements="10" conditionals="6" coveredconditionals="3" methods="3" coveredmethods="2"/>
        <file name="index.vue" path="/Users/chenjinxin/chenjinxin/ui/afo-vue-mobile/src/navbar/demo/index.vue">
          <metrics statements="11" coveredstatements="10" conditionals="6" coveredconditionals="3" methods="3" coveredmethods="2"/>
          <line num="1" count="1" type="stmt"/>
          <line num="4" count="1" type="stmt"/>
          <line num="6" count="1" type="stmt"/>
          <line num="9" count="1" type="stmt"/>
          <line num="11" count="1" type="stmt"/>
          <line num="25" count="1" type="stmt"/>
          <line num="32" count="0" type="stmt"/>
          <line num="36" count="1" type="stmt"/>
          <line num="38" count="1" type="cond" truecount="2" falsecount="2"/>
          <line num="39" count="1" type="cond" truecount="1" falsecount="1"/>
          <line num="40" count="1" type="stmt"/>
        </file>
      </package>
      <package name="notice-bar">
        <metrics statements="2" coveredstatements="2" conditionals="0" coveredconditionals="0" methods="1" coveredmethods="1"/>
        <file name="index.js" path="/Users/chenjinxin/chenjinxin/ui/afo-vue-mobile/src/notice-bar/index.js">
          <metrics statements="2" coveredstatements="2" conditionals="0" coveredconditionals="0" methods="1" coveredmethods="1"/>
          <line num="3" count="1" type="stmt"/>
          <line num="4" count="1" type="stmt"/>
        </file>
      </package>
      <package name="notice-bar.components">
        <metrics statements="23" coveredstatements="12" conditionals="14" coveredconditionals="10" methods="11" coveredmethods="8"/>
        <file name="notice-bar.vue" path="/Users/chenjinxin/chenjinxin/ui/afo-vue-mobile/src/notice-bar/components/notice-bar.vue">
          <metrics statements="23" coveredstatements="12" conditionals="14" coveredconditionals="10" methods="11" coveredmethods="8"/>
          <line num="55" count="8" type="stmt"/>
          <line num="66" count="8" type="cond" truecount="2" falsecount="0"/>
          <line num="69" count="8" type="stmt"/>
          <line num="75" count="8" type="stmt"/>
          <line num="81" count="8" type="stmt"/>
          <line num="88" count="8" type="stmt"/>
          <line num="96" count="0" type="stmt"/>
          <line num="98" count="0" type="stmt"/>
          <line num="99" count="0" type="stmt"/>
          <line num="100" count="0" type="stmt"/>
          <line num="101" count="0" type="stmt"/>
          <line num="102" count="0" type="stmt"/>
          <line num="108" count="8" type="stmt"/>
          <line num="109" count="24" type="stmt"/>
          <line num="111" count="8" type="cond" truecount="3" falsecount="1"/>
          <line num="112" count="0" type="stmt"/>
          <line num="114" count="8" type="stmt"/>
          <line num="115" count="8" type="stmt"/>
          <line num="116" count="8" type="cond" truecount="3" falsecount="1"/>
          <line num="117" count="0" type="stmt"/>
          <line num="118" count="0" type="stmt"/>
          <line num="119" count="0" type="stmt"/>
          <line num="120" count="0" type="stmt"/>
        </file>
      </package>
      <package name="tabbar">
        <metrics statements="2" coveredstatements="2" conditionals="0" coveredconditionals="0" methods="1" coveredmethods="1"/>
        <file name="index.js" path="/Users/chenjinxin/chenjinxin/ui/afo-vue-mobile/src/tabbar/index.js">
          <metrics statements="2" coveredstatements="2" conditionals="0" coveredconditionals="0" methods="1" coveredmethods="1"/>
          <line num="3" count="1" type="stmt"/>
          <line num="4" count="1" type="stmt"/>
        </file>
      </package>
      <package name="tabbar.components">
        <metrics statements="10" coveredstatements="3" conditionals="0" coveredconditionals="0" methods="8" coveredmethods="3"/>
        <file name="tabbar.vue" path="/Users/chenjinxin/chenjinxin/ui/afo-vue-mobile/src/tabbar/components/tabbar.vue">
          <metrics statements="10" coveredstatements="3" conditionals="0" coveredconditionals="0" methods="8" coveredmethods="3"/>
          <line num="10" count="2" type="stmt"/>
          <line num="31" count="2" type="stmt"/>
          <line num="37" count="2" type="stmt"/>
          <line num="46" count="0" type="stmt"/>
          <line num="49" count="0" type="stmt"/>
          <line num="54" count="0" type="stmt"/>
          <line num="55" count="0" type="stmt"/>
          <line num="56" count="0" type="stmt"/>
          <line num="60" count="0" type="stmt"/>
          <line num="62" count="0" type="stmt"/>
        </file>
      </package>
      <package name="tabbar.demo">
        <metrics statements="1" coveredstatements="1" conditionals="0" coveredconditionals="0" methods="1" coveredmethods="1"/>
        <file name="index.vue" path="/Users/chenjinxin/chenjinxin/ui/afo-vue-mobile/src/tabbar/demo/index.vue">
          <metrics statements="1" coveredstatements="1" conditionals="0" coveredconditionals="0" methods="1" coveredmethods="1"/>
          <line num="21" count="1" type="stmt"/>
        </file>
      </package>
      <package name="tag">
        <metrics statements="2" coveredstatements="2" conditionals="0" coveredconditionals="0" methods="1" coveredmethods="1"/>
        <file name="index.js" path="/Users/chenjinxin/chenjinxin/ui/afo-vue-mobile/src/tag/index.js">
          <metrics statements="2" coveredstatements="2" conditionals="0" coveredconditionals="0" methods="1" coveredmethods="1"/>
          <line num="3" count="1" type="stmt"/>
          <line num="4" count="1" type="stmt"/>
        </file>
      </package>
      <package name="tag.components">
        <metrics statements="2" coveredstatements="2" conditionals="2" coveredconditionals="2" methods="2" coveredmethods="2"/>
        <file name="tag.vue" path="/Users/chenjinxin/chenjinxin/ui/afo-vue-mobile/src/tag/components/tag.vue">
          <metrics statements="2" coveredstatements="2" conditionals="2" coveredconditionals="2" methods="2" coveredmethods="2"/>
          <line num="27" count="11" type="stmt"/>
          <line num="43" count="11" type="cond" truecount="2" falsecount="0"/>
        </file>
      </package>
    </metrics>
  </project>
</coverage>
