<?xml version="1.0" encoding="UTF-8"?>
<coverage generated="1535426663038" clover="3.2.0">
  <project timestamp="1535426663039" name="All files">
    <metrics statements="47" coveredstatements="13" conditionals="16" coveredconditionals="2" methods="17" coveredmethods="10" elements="80" coveredelements="25" complexity="0" loc="47" ncloc="47" packages="7" files="7" classes="7">
      <package name="common.mixins">
        <metrics statements="13" coveredstatements="0" conditionals="4" coveredconditionals="0" methods="0" coveredmethods="0"/>
        <file name="touch.js" path="/Users/chenjinxin/chenjinxin/ui/afo-vue-mobile/common/mixins/touch.js">
          <metrics statements="13" coveredstatements="0" conditionals="4" coveredconditionals="0" methods="0" coveredmethods="0"/>
          <line num="4" count="0" type="stmt"/>
          <line num="5" count="0" type="stmt"/>
          <line num="6" count="0" type="stmt"/>
          <line num="7" count="0" type="stmt"/>
          <line num="8" count="0" type="stmt"/>
          <line num="9" count="0" type="stmt"/>
          <line num="10" count="0" type="stmt"/>
          <line num="13" count="0" type="stmt"/>
          <line num="14" count="0" type="stmt"/>
          <line num="15" count="0" type="stmt"/>
          <line num="16" count="0" type="stmt"/>
          <line num="17" count="0" type="stmt"/>
          <line num="18" count="0" type="cond" truecount="0" falsecount="4"/>
        </file>
      </package>
      <package name="src.slider">
        <metrics statements="2" coveredstatements="2" conditionals="0" coveredconditionals="0" methods="1" coveredmethods="1"/>
        <file name="index.js" path="/Users/chenjinxin/chenjinxin/ui/afo-vue-mobile/src/slider/index.js">
          <metrics statements="2" coveredstatements="2" conditionals="0" coveredconditionals="0" methods="1" coveredmethods="1"/>
          <line num="3" count="1" type="stmt"/>
          <line num="4" count="1" type="stmt"/>
        </file>
      </package>
      <package name="src.slider.components">
        <metrics statements="22" coveredstatements="4" conditionals="10" coveredconditionals="0" methods="8" coveredmethods="3"/>
        <file name="slider.vue" path="/Users/chenjinxin/chenjinxin/ui/afo-vue-mobile/src/slider/components/slider.vue">
          <metrics statements="22" coveredstatements="4" conditionals="10" coveredconditionals="0" methods="8" coveredmethods="3"/>
          <line num="16" count="1" type="stmt"/>
          <line num="45" count="4" type="stmt"/>
          <line num="51" count="4" type="stmt"/>
          <line num="59" count="0" type="cond" truecount="0" falsecount="2"/>
          <line num="60" count="0" type="stmt"/>
          <line num="61" count="0" type="stmt"/>
          <line num="64" count="0" type="cond" truecount="0" falsecount="2"/>
          <line num="66" count="0" type="stmt"/>
          <line num="67" count="0" type="stmt"/>
          <line num="68" count="0" type="stmt"/>
          <line num="69" count="0" type="stmt"/>
          <line num="72" count="0" type="cond" truecount="0" falsecount="2"/>
          <line num="73" count="0" type="stmt"/>
          <line num="76" count="0" type="cond" truecount="0" falsecount="2"/>
          <line num="77" count="0" type="stmt"/>
          <line num="78" count="0" type="stmt"/>
          <line num="79" count="0" type="stmt"/>
          <line num="82" count="0" type="stmt"/>
          <line num="83" count="0" type="stmt"/>
          <line num="85" count="0" type="cond" truecount="0" falsecount="2"/>
          <line num="86" count="0" type="stmt"/>
          <line num="90" count="4" type="stmt"/>
        </file>
      </package>
      <package name="src.slider.demo">
        <metrics statements="2" coveredstatements="1" conditionals="0" coveredconditionals="0" methods="2" coveredmethods="1"/>
        <file name="index.vue" path="/Users/chenjinxin/chenjinxin/ui/afo-vue-mobile/src/slider/demo/index.vue">
          <metrics statements="2" coveredstatements="1" conditionals="0" coveredconditionals="0" methods="2" coveredmethods="1"/>
          <line num="20" count="1" type="stmt"/>
          <line num="26" count="0" type="stmt"/>
        </file>
      </package>
      <package name="src.steps">
        <metrics statements="2" coveredstatements="2" conditionals="0" coveredconditionals="0" methods="1" coveredmethods="1"/>
        <file name="index.js" path="/Users/chenjinxin/chenjinxin/ui/afo-vue-mobile/src/steps/index.js">
          <metrics statements="2" coveredstatements="2" conditionals="0" coveredconditionals="0" methods="1" coveredmethods="1"/>
          <line num="3" count="1" type="stmt"/>
          <line num="4" count="1" type="stmt"/>
        </file>
      </package>
      <package name="src.steps.components">
        <metrics statements="3" coveredstatements="3" conditionals="2" coveredconditionals="2" methods="3" coveredmethods="3"/>
        <file name="steps.vue" path="/Users/chenjinxin/chenjinxin/ui/afo-vue-mobile/src/steps/components/steps.vue">
          <metrics statements="3" coveredstatements="3" conditionals="2" coveredconditionals="2" methods="3" coveredmethods="3"/>
          <line num="40" count="2" type="stmt"/>
          <line num="46" count="2" type="stmt"/>
          <line num="53" count="2" type="stmt"/>
        </file>
      </package>
      <package name="src.steps.demo">
        <metrics statements="3" coveredstatements="1" conditionals="0" coveredconditionals="0" methods="2" coveredmethods="1"/>
        <file name="index.vue" path="/Users/chenjinxin/chenjinxin/ui/afo-vue-mobile/src/steps/demo/index.vue">
          <metrics statements="3" coveredstatements="1" conditionals="0" coveredconditionals="0" methods="2" coveredmethods="1"/>
          <line num="32" count="1" type="stmt"/>
          <line num="48" count="0" type="stmt"/>
          <line num="49" count="0" type="stmt"/>
        </file>
      </package>
    </metrics>
  </project>
</coverage>
