{"/Users/chenjinxin/chenjinxin/ui/afo-vue-mobile/src/button/index.js": {"path":"/Users/chenjinxin/chenjinxin/ui/afo-vue-mobile/src/button/index.js","statementMap":{"0":{"start":{"line":3,"column":0},"end":{"line":5,"column":1}},"1":{"start":{"line":4,"column":2},"end":{"line":4,"column":36}}},"fnMap":{"0":{"name":"(anonymous_0)","decl":{"start":{"line":3,"column":17},"end":{"line":3,"column":18}},"loc":{"start":{"line":3,"column":32},"end":{"line":5,"column":1}},"line":3}},"branchMap":{},"s":{"0":1,"1":1},"f":{"0":1},"b":{},"_coverageSchema":"332fd63041d2c1bcb487cc26dd0d5f7d97098a6c","hash":"6a5228c8a4f33fb172173bf8cca2d779c14a5cba"}
,"/Users/chenjinxin/chenjinxin/ui/afo-vue-mobile/src/button/components/button.vue": {"path":"/Users/chenjinxin/chenjinxin/ui/afo-vue-mobile/src/button/components/button.vue","statementMap":{"0":{"start":{"line":35,"column":0},"end":{"line":null,"column":-1}},"1":{"start":{"line":44,"column":0},"end":{"line":null,"column":-1}},"2":{"start":{"line":53,"column":0},"end":{"line":null,"column":-1}},"3":{"start":{"line":81,"column":0},"end":{"line":83,"column":0}},"4":{"start":{"line":82,"column":0},"end":{"line":null,"column":-1}},"5":{"start":{"line":84,"column":0},"end":{"line":null,"column":-1}},"6":{"start":{"line":89,"column":0},"end":{"line":92,"column":0}}},"fnMap":{"0":{"name":"validator","decl":{"start":{"line":34,"column":0},"end":{"line":null,"column":-1}},"loc":{"start":{"line":34,"column":0},"end":{"line":38,"column":0}}},"1":{"name":"validator","decl":{"start":{"line":43,"column":0},"end":{"line":null,"column":-1}},"loc":{"start":{"line":43,"column":0},"end":{"line":47,"column":0}}},"2":{"name":"validator","decl":{"start":{"line":52,"column":0},"end":{"line":null,"column":-1}},"loc":{"start":{"line":52,"column":0},"end":{"line":56,"column":0}}},"3":{"name":"handleClick","decl":{"start":{"line":80,"column":0},"end":{"line":null,"column":-1}},"loc":{"start":{"line":80,"column":0},"end":{"line":85,"column":0}}},"4":{"name":"btnClass","decl":{"start":{"line":88,"column":0},"end":{"line":null,"column":-1}},"loc":{"start":{"line":88,"column":0},"end":{"line":97,"column":0}}}},"branchMap":{"0":{"loc":{"start":{"line":81,"column":0},"end":{"line":83,"column":0}},"type":"if","locations":[{"start":{"line":81,"column":0},"end":{"line":83,"column":0}},{"start":{"line":81,"column":0},"end":{"line":83,"column":0}}]},"1":{"loc":{"start":{"line":81,"column":0},"end":{"line":null,"column":-1}},"type":"binary-expr","locations":[{"start":{"line":81,"column":0},"end":{"line":null,"column":-1}},{"start":{"line":81,"column":0},"end":{"line":null,"column":-1}}]},"2":{"loc":{"start":{"line":89,"column":0},"end":{"line":null,"column":-1}},"type":"cond-expr","locations":[{"start":{"line":89,"column":0},"end":{"line":null,"column":-1}},{"start":{"line":89,"column":0},"end":{"line":null,"column":-1}}]}},"s":{"0":20,"1":20,"2":20,"3":2,"4":1,"5":1,"6":5},"f":{"0":20,"1":20,"2":20,"3":2,"4":5},"b":{"0":[1,1],"1":[2,1],"2":[1,4]}}
,"/Users/chenjinxin/chenjinxin/ui/afo-vue-mobile/src/icon/index.js": {"path":"/Users/chenjinxin/chenjinxin/ui/afo-vue-mobile/src/icon/index.js","statementMap":{"0":{"start":{"line":3,"column":0},"end":{"line":5,"column":1}},"1":{"start":{"line":4,"column":2},"end":{"line":4,"column":32}}},"fnMap":{"0":{"name":"(anonymous_0)","decl":{"start":{"line":3,"column":15},"end":{"line":3,"column":16}},"loc":{"start":{"line":3,"column":30},"end":{"line":5,"column":1}},"line":3}},"branchMap":{},"s":{"0":1,"1":1},"f":{"0":1},"b":{},"_coverageSchema":"332fd63041d2c1bcb487cc26dd0d5f7d97098a6c","hash":"f9a3dfcaf3d17c346e80326e8b370dced021d89e"}
,"/Users/chenjinxin/chenjinxin/ui/afo-vue-mobile/src/icon/components/icon.vue": {"path":"/Users/chenjinxin/chenjinxin/ui/afo-vue-mobile/src/icon/components/icon.vue","statementMap":{"0":{"start":{"line":32,"column":0},"end":{"line":null,"column":-1}},"1":{"start":{"line":37,"column":0},"end":{"line":null,"column":-1}}},"fnMap":{"0":{"name":"handleClick","decl":{"start":{"line":31,"column":0},"end":{"line":null,"column":-1}},"loc":{"start":{"line":31,"column":0},"end":{"line":33,"column":0}}},"1":{"name":"iconClass","decl":{"start":{"line":36,"column":0},"end":{"line":null,"column":-1}},"loc":{"start":{"line":36,"column":0},"end":{"line":38,"column":0}}}},"branchMap":{},"s":{"0":1,"1":3},"f":{"0":1,"1":3},"b":{}}
,"/Users/chenjinxin/chenjinxin/ui/afo-vue-mobile/src/icon/demo/index.vue": {"path":"/Users/chenjinxin/chenjinxin/ui/afo-vue-mobile/src/icon/demo/index.vue","statementMap":{"0":{"start":{"line":13,"column":0},"end":{"line":null,"column":-1}}},"fnMap":{"0":{"name":"data","decl":{"start":{"line":12,"column":0},"end":{"line":null,"column":-1}},"loc":{"start":{"line":12,"column":0},"end":{"line":31,"column":0}}}},"branchMap":{},"s":{"0":1},"f":{"0":1},"b":{}}
,"/Users/chenjinxin/chenjinxin/ui/afo-vue-mobile/src/loading/index.js": {"path":"/Users/chenjinxin/chenjinxin/ui/afo-vue-mobile/src/loading/index.js","statementMap":{"0":{"start":{"line":3,"column":0},"end":{"line":5,"column":1}},"1":{"start":{"line":4,"column":2},"end":{"line":4,"column":38}}},"fnMap":{"0":{"name":"(anonymous_0)","decl":{"start":{"line":3,"column":18},"end":{"line":3,"column":19}},"loc":{"start":{"line":3,"column":33},"end":{"line":5,"column":1}},"line":3}},"branchMap":{},"s":{"0":1,"1":1},"f":{"0":1},"b":{},"_coverageSchema":"332fd63041d2c1bcb487cc26dd0d5f7d97098a6c","hash":"19da6d7ffaf8324febc9873b6af4c63936be2d22"}
,"/Users/chenjinxin/chenjinxin/ui/afo-vue-mobile/src/loading/components/loading.vue": {"path":"/Users/chenjinxin/chenjinxin/ui/afo-vue-mobile/src/loading/components/loading.vue","statementMap":{"0":{"start":{"line":28,"column":0},"end":{"line":null,"column":-1}},"1":{"start":{"line":36,"column":0},"end":{"line":null,"column":-1}}},"fnMap":{"0":{"name":"validator","decl":{"start":{"line":27,"column":0},"end":{"line":null,"column":-1}},"loc":{"start":{"line":27,"column":0},"end":{"line":31,"column":0}}},"1":{"name":"loadingCls","decl":{"start":{"line":35,"column":0},"end":{"line":null,"column":-1}},"loc":{"start":{"line":35,"column":0},"end":{"line":40,"column":0}}}},"branchMap":{},"s":{"0":1,"1":1},"f":{"0":1,"1":1},"b":{}}
,"/Users/chenjinxin/chenjinxin/ui/afo-vue-mobile/src/navbar/index.js": {"path":"/Users/chenjinxin/chenjinxin/ui/afo-vue-mobile/src/navbar/index.js","statementMap":{"0":{"start":{"line":3,"column":0},"end":{"line":5,"column":1}},"1":{"start":{"line":4,"column":2},"end":{"line":4,"column":36}}},"fnMap":{"0":{"name":"(anonymous_0)","decl":{"start":{"line":3,"column":17},"end":{"line":3,"column":18}},"loc":{"start":{"line":3,"column":32},"end":{"line":5,"column":1}},"line":3}},"branchMap":{},"s":{"0":1,"1":1},"f":{"0":1},"b":{},"_coverageSchema":"332fd63041d2c1bcb487cc26dd0d5f7d97098a6c","hash":"9c66d2f227750a2044440058c1f9e97515dd806b"}
,"/Users/chenjinxin/chenjinxin/ui/afo-vue-mobile/src/navbar/components/navbar.vue": {"path":"/Users/chenjinxin/chenjinxin/ui/afo-vue-mobile/src/navbar/components/navbar.vue","statementMap":{"0":{"start":{"line":42,"column":0},"end":{"line":43,"column":0}}},"fnMap":{"0":{"name":"navbarCls","decl":{"start":{"line":41,"column":0},"end":{"line":null,"column":-1}},"loc":{"start":{"line":41,"column":0},"end":{"line":48,"column":0}}}},"branchMap":{},"s":{"0":1},"f":{"0":1},"b":{}}
,"/Users/chenjinxin/chenjinxin/ui/afo-vue-mobile/src/navbar/demo/index.vue": {"path":"/Users/chenjinxin/chenjinxin/ui/afo-vue-mobile/src/navbar/demo/index.vue","statementMap":{"0":{"start":{"line":1,"column":1},"end":{"line":29,"column":4}},"1":{"start":{"line":4,"column":0},"end":{"line":6,"column":3}},"2":{"start":{"line":7,"column":0},"end":{"line":7,"column":25}},"3":{"start":{"line":20,"column":15},"end":{"line":27,"column":1}},"4":{"start":{"line":24,"column":6},"end":{"line":24,"column":27}},"5":{"start":{"line":28,"column":0},"end":{"line":28,"column":27}},"6":{"start":{"line":30,"column":20},"end":{"line":30,"column":89}},"7":{"start":{"line":30,"column":114},"end":{"line":30,"column":187}},"8":{"start":{"line":31,"column":0},"end":{"line":31,"column":636}},"9":{"start":{"line":31,"column":54},"end":{"line":31,"column":58}},"10":{"start":{"line":31,"column":66},"end":{"line":31,"column":84}},"11":{"start":{"line":31,"column":92},"end":{"line":31,"column":108}},"12":{"start":{"line":31,"column":109},"end":{"line":31,"column":635}},"13":{"start":{"line":32,"column":0},"end":{"line":32,"column":37}}},"fnMap":{"0":{"name":"(anonymous_0)","decl":{"start":{"line":1,"column":2},"end":{"line":1,"column":3}},"loc":{"start":{"line":1,"column":12},"end":{"line":29,"column":1}},"line":1},"1":{"name":"handleBack","decl":{"start":{"line":23,"column":25},"end":{"line":23,"column":35}},"loc":{"start":{"line":23,"column":38},"end":{"line":25,"column":5}},"line":23},"2":{"name":"render","decl":{"start":{"line":31,"column":35},"end":{"line":31,"column":41}},"loc":{"start":{"line":31,"column":45},"end":{"line":31,"column":636}},"line":31}},"branchMap":{"0":{"loc":{"start":{"line":30,"column":20},"end":{"line":30,"column":89}},"type":"cond-expr","locations":[{"start":{"line":30,"column":50},"end":{"line":30,"column":72}},{"start":{"line":30,"column":75},"end":{"line":30,"column":89}}],"line":30},"1":{"loc":{"start":{"line":30,"column":114},"end":{"line":30,"column":187}},"type":"cond-expr","locations":[{"start":{"line":30,"column":151},"end":{"line":30,"column":172}},{"start":{"line":30,"column":174},"end":{"line":30,"column":187}}],"line":30},"2":{"loc":{"start":{"line":31,"column":92},"end":{"line":31,"column":108}},"type":"binary-expr","locations":[{"start":{"line":31,"column":92},"end":{"line":31,"column":104}},{"start":{"line":31,"column":106},"end":{"line":31,"column":108}}],"line":31}},"s":{"0":1,"1":1,"2":1,"3":1,"4":0,"5":1,"6":1,"7":1,"8":1,"9":1,"10":1,"11":1,"12":1,"13":1},"f":{"0":1,"1":0,"2":1},"b":{"0":[1,0],"1":[0,1],"2":[1,0]},"_coverageSchema":"332fd63041d2c1bcb487cc26dd0d5f7d97098a6c","hash":"3d222aeb74c66b3155c0314921e21a6ba99c71aa"}
}
