{"/Users/chenjinxin/chenjinxin/ui/afo-vue-mobile/common/mixins/find-partent.js": {"path":"/Users/chenjinxin/chenjinxin/ui/afo-vue-mobile/common/mixins/find-partent.js","statementMap":{"0":{"start":{"line":3,"column":4},"end":{"line":5,"column":5}},"1":{"start":{"line":9,"column":19},"end":{"line":9,"column":31}},"2":{"start":{"line":10,"column":6},"end":{"line":16,"column":7}},"3":{"start":{"line":11,"column":8},"end":{"line":14,"column":9}},"4":{"start":{"line":12,"column":10},"end":{"line":12,"column":30}},"5":{"start":{"line":13,"column":10},"end":{"line":13,"column":15}},"6":{"start":{"line":15,"column":8},"end":{"line":15,"column":31}}},"fnMap":{},"branchMap":{"0":{"loc":{"start":{"line":11,"column":8},"end":{"line":14,"column":9}},"type":"if","locations":[{"start":{"line":11,"column":8},"end":{"line":14,"column":9}},{"start":{"line":11,"column":8},"end":{"line":14,"column":9}}],"line":11}},"s":{"0":84,"1":42,"2":42,"3":46,"4":38,"5":38,"6":8},"f":{},"b":{"0":[38,8]},"_coverageSchema":"332fd63041d2c1bcb487cc26dd0d5f7d97098a6c","hash":"1233e91bbf76ddb33d4321dcb9fd3157240a1f78"}
,"/Users/chenjinxin/chenjinxin/ui/afo-vue-mobile/common/mixins/touch.js": {"path":"/Users/chenjinxin/chenjinxin/ui/afo-vue-mobile/common/mixins/touch.js","statementMap":{"0":{"start":{"line":4,"column":6},"end":{"line":4,"column":26}},"1":{"start":{"line":5,"column":6},"end":{"line":5,"column":21}},"2":{"start":{"line":6,"column":6},"end":{"line":6,"column":21}},"3":{"start":{"line":7,"column":6},"end":{"line":7,"column":22}},"4":{"start":{"line":8,"column":6},"end":{"line":8,"column":22}},"5":{"start":{"line":9,"column":6},"end":{"line":9,"column":44}},"6":{"start":{"line":10,"column":6},"end":{"line":10,"column":44}},"7":{"start":{"line":13,"column":20},"end":{"line":13,"column":36}},"8":{"start":{"line":14,"column":6},"end":{"line":14,"column":47}},"9":{"start":{"line":15,"column":6},"end":{"line":15,"column":47}},"10":{"start":{"line":16,"column":6},"end":{"line":16,"column":42}},"11":{"start":{"line":17,"column":6},"end":{"line":17,"column":42}},"12":{"start":{"line":18,"column":6},"end":{"line":18,"column":113}}},"fnMap":{},"branchMap":{"0":{"loc":{"start":{"line":18,"column":23},"end":{"line":18,"column":113}},"type":"cond-expr","locations":[{"start":{"line":18,"column":53},"end":{"line":18,"column":65}},{"start":{"line":18,"column":68},"end":{"line":18,"column":113}}],"line":18},"1":{"loc":{"start":{"line":18,"column":68},"end":{"line":18,"column":113}},"type":"cond-expr","locations":[{"start":{"line":18,"column":98},"end":{"line":18,"column":108}},{"start":{"line":18,"column":111},"end":{"line":18,"column":113}}],"line":18}},"s":{"0":0,"1":0,"2":0,"3":0,"4":0,"5":0,"6":0,"7":0,"8":0,"9":0,"10":0,"11":0,"12":0},"f":{},"b":{"0":[0,0],"1":[0,0]},"_coverageSchema":"332fd63041d2c1bcb487cc26dd0d5f7d97098a6c","hash":"9dddf71ed4e5c8e4e9226def7002867fc127df1a"}
,"/Users/chenjinxin/chenjinxin/ui/afo-vue-mobile/common/utils/event.js": {"path":"/Users/chenjinxin/chenjinxin/ui/afo-vue-mobile/common/utils/event.js","statementMap":{"0":{"start":{"line":3,"column":29},"end":{"line":3,"column":34}},"1":{"start":{"line":4,"column":0},"end":{"line":15,"column":1}},"2":{"start":{"line":5,"column":2},"end":{"line":14,"column":16}},"3":{"start":{"line":6,"column":17},"end":{"line":6,"column":19}},"4":{"start":{"line":7,"column":4},"end":{"line":12,"column":6}},"5":{"start":{"line":13,"column":4},"end":{"line":13,"column":55}},"6":{"start":{"line":18,"column":2},"end":{"line":23,"column":5}},"7":{"start":{"line":27,"column":2},"end":{"line":27,"column":57}}},"fnMap":{"0":{"name":"on","decl":{"start":{"line":17,"column":16},"end":{"line":17,"column":18}},"loc":{"start":{"line":17,"column":61},"end":{"line":24,"column":1}},"line":17},"1":{"name":"off","decl":{"start":{"line":26,"column":16},"end":{"line":26,"column":19}},"loc":{"start":{"line":26,"column":45},"end":{"line":28,"column":1}},"line":26}},"branchMap":{"0":{"loc":{"start":{"line":4,"column":0},"end":{"line":15,"column":1}},"type":"if","locations":[{"start":{"line":4,"column":0},"end":{"line":15,"column":1}},{"start":{"line":4,"column":0},"end":{"line":15,"column":1}}],"line":4},"1":{"loc":{"start":{"line":17,"column":44},"end":{"line":17,"column":59}},"type":"default-arg","locations":[{"start":{"line":17,"column":54},"end":{"line":17,"column":59}}],"line":17},"2":{"loc":{"start":{"line":18,"column":2},"end":{"line":23,"column":5}},"type":"binary-expr","locations":[{"start":{"line":18,"column":2},"end":{"line":18,"column":11}},{"start":{"line":19,"column":4},"end":{"line":23,"column":5}}],"line":18},"3":{"loc":{"start":{"line":22,"column":6},"end":{"line":22,"column":59}},"type":"cond-expr","locations":[{"start":{"line":22,"column":24},"end":{"line":22,"column":51}},{"start":{"line":22,"column":54},"end":{"line":22,"column":59}}],"line":22},"4":{"loc":{"start":{"line":27,"column":2},"end":{"line":27,"column":57}},"type":"binary-expr","locations":[{"start":{"line":27,"column":2},"end":{"line":27,"column":11}},{"start":{"line":27,"column":15},"end":{"line":27,"column":57}}],"line":27}},"s":{"0":1,"1":1,"2":1,"3":1,"4":1,"5":1,"6":11,"7":0},"f":{"0":11,"1":0},"b":{"0":[1,0],"1":[4],"2":[11,11],"3":[0,11],"4":[0,0]},"_coverageSchema":"332fd63041d2c1bcb487cc26dd0d5f7d97098a6c","hash":"f15db691d4e0e7b0027a5d483d86b11164634e13"}
,"/Users/chenjinxin/chenjinxin/ui/afo-vue-mobile/common/utils/index.js": {"path":"/Users/chenjinxin/chenjinxin/ui/afo-vue-mobile/common/utils/index.js","statementMap":{"0":{"start":{"line":3,"column":17},"end":{"line":3,"column":40}},"1":{"start":{"line":6,"column":2},"end":{"line":6,"column":46}},"2":{"start":{"line":10,"column":15},"end":{"line":10,"column":23}},"3":{"start":{"line":11,"column":2},"end":{"line":11,"column":65}},"4":{"start":{"line":15,"column":15},"end":{"line":15,"column":30}},"5":{"start":{"line":16,"column":15},"end":{"line":16,"column":21}},"6":{"start":{"line":18,"column":2},"end":{"line":20,"column":4}},"7":{"start":{"line":19,"column":4},"end":{"line":19,"column":50}},"8":{"start":{"line":22,"column":2},"end":{"line":22,"column":15}},"9":{"start":{"line":25,"column":19},"end":{"line":25,"column":27}},"10":{"start":{"line":27,"column":2},"end":{"line":27,"column":59}},"11":{"start":{"line":27,"column":43},"end":{"line":27,"column":58}}},"fnMap":{"0":{"name":"isDef","decl":{"start":{"line":5,"column":9},"end":{"line":5,"column":14}},"loc":{"start":{"line":5,"column":23},"end":{"line":7,"column":1}},"line":5},"1":{"name":"isObj","decl":{"start":{"line":9,"column":9},"end":{"line":9,"column":14}},"loc":{"start":{"line":9,"column":19},"end":{"line":12,"column":1}},"line":9},"2":{"name":"get","decl":{"start":{"line":14,"column":9},"end":{"line":14,"column":12}},"loc":{"start":{"line":14,"column":28},"end":{"line":23,"column":1}},"line":14},"3":{"name":"(anonymous_3)","decl":{"start":{"line":18,"column":15},"end":{"line":18,"column":16}},"loc":{"start":{"line":18,"column":22},"end":{"line":20,"column":3}},"line":18},"4":{"name":"camelize","decl":{"start":{"line":26,"column":9},"end":{"line":26,"column":17}},"loc":{"start":{"line":26,"column":24},"end":{"line":28,"column":1}},"line":26},"5":{"name":"(anonymous_5)","decl":{"start":{"line":27,"column":33},"end":{"line":27,"column":34}},"loc":{"start":{"line":27,"column":43},"end":{"line":27,"column":58}},"line":27},"6":{"name":"isAndroid","decl":{"start":{"line":30,"column":9},"end":{"line":30,"column":18}},"loc":{"start":{"line":30,"column":22},"end":{"line":33,"column":1}},"line":30}},"branchMap":{"0":{"loc":{"start":{"line":6,"column":9},"end":{"line":6,"column":46}},"type":"binary-expr","locations":[{"start":{"line":6,"column":9},"end":{"line":6,"column":28}},{"start":{"line":6,"column":32},"end":{"line":6,"column":46}}],"line":6},"1":{"loc":{"start":{"line":11,"column":9},"end":{"line":11,"column":65}},"type":"binary-expr","locations":[{"start":{"line":11,"column":9},"end":{"line":11,"column":19}},{"start":{"line":11,"column":24},"end":{"line":11,"column":41}},{"start":{"line":11,"column":45},"end":{"line":11,"column":64}}],"line":11},"2":{"loc":{"start":{"line":19,"column":13},"end":{"line":19,"column":50}},"type":"cond-expr","locations":[{"start":{"line":19,"column":34},"end":{"line":19,"column":45}},{"start":{"line":19,"column":48},"end":{"line":19,"column":50}}],"line":19}},"s":{"0":2,"1":8,"2":0,"3":0,"4":0,"5":0,"6":0,"7":0,"8":0,"9":2,"10":0,"11":0},"f":{"0":8,"1":0,"2":0,"3":0,"4":0,"5":0,"6":0},"b":{"0":[8,8],"1":[0,0,0],"2":[0,0]},"_coverageSchema":"332fd63041d2c1bcb487cc26dd0d5f7d97098a6c","hash":"825e36ecfa5e95be0835b82b49cac615513eb0fe"}
,"/Users/chenjinxin/chenjinxin/ui/afo-vue-mobile/common/utils/raf.js": {"path":"/Users/chenjinxin/chenjinxin/ui/afo-vue-mobile/common/utils/raf.js","statementMap":{"0":{"start":{"line":7,"column":11},"end":{"line":7,"column":21}},"1":{"start":{"line":28,"column":2},"end":{"line":28,"column":28}},"2":{"start":{"line":32,"column":2},"end":{"line":32,"column":24}}},"fnMap":{"0":{"name":"raf","decl":{"start":{"line":27,"column":16},"end":{"line":27,"column":19}},"loc":{"start":{"line":27,"column":25},"end":{"line":29,"column":1}},"line":27},"1":{"name":"cancel","decl":{"start":{"line":31,"column":16},"end":{"line":31,"column":22}},"loc":{"start":{"line":31,"column":28},"end":{"line":33,"column":1}},"line":31}},"branchMap":{},"s":{"0":2,"1":2,"2":0},"f":{"0":2,"1":0},"b":{},"_coverageSchema":"332fd63041d2c1bcb487cc26dd0d5f7d97098a6c","hash":"0aba0ef643ca9eb1ea54d999ff7b68fc72dfb060"}
,"/Users/chenjinxin/chenjinxin/ui/afo-vue-mobile/src/button/index.js": {"path":"/Users/chenjinxin/chenjinxin/ui/afo-vue-mobile/src/button/index.js","statementMap":{"0":{"start":{"line":3,"column":0},"end":{"line":5,"column":1}},"1":{"start":{"line":4,"column":2},"end":{"line":4,"column":36}}},"fnMap":{"0":{"name":"(anonymous_0)","decl":{"start":{"line":3,"column":17},"end":{"line":3,"column":18}},"loc":{"start":{"line":3,"column":32},"end":{"line":5,"column":1}},"line":3}},"branchMap":{},"s":{"0":1,"1":1},"f":{"0":1},"b":{},"_coverageSchema":"332fd63041d2c1bcb487cc26dd0d5f7d97098a6c","hash":"6a5228c8a4f33fb172173bf8cca2d779c14a5cba"}
,"/Users/chenjinxin/chenjinxin/ui/afo-vue-mobile/src/button/components/button.vue": {"path":"/Users/chenjinxin/chenjinxin/ui/afo-vue-mobile/src/button/components/button.vue","statementMap":{"0":{"start":{"line":29,"column":0},"end":{"line":null,"column":-1}},"1":{"start":{"line":40,"column":0},"end":{"line":null,"column":-1}},"2":{"start":{"line":49,"column":0},"end":{"line":null,"column":-1}},"3":{"start":{"line":58,"column":0},"end":{"line":null,"column":-1}},"4":{"start":{"line":86,"column":0},"end":{"line":88,"column":0}},"5":{"start":{"line":87,"column":0},"end":{"line":null,"column":-1}},"6":{"start":{"line":89,"column":0},"end":{"line":null,"column":-1}},"7":{"start":{"line":94,"column":0},"end":{"line":97,"column":0}}},"fnMap":{"0":{"name":"validator","decl":{"start":{"line":39,"column":0},"end":{"line":null,"column":-1}},"loc":{"start":{"line":39,"column":0},"end":{"line":43,"column":0}}},"1":{"name":"validator","decl":{"start":{"line":48,"column":0},"end":{"line":null,"column":-1}},"loc":{"start":{"line":48,"column":0},"end":{"line":52,"column":0}}},"2":{"name":"validator","decl":{"start":{"line":57,"column":0},"end":{"line":null,"column":-1}},"loc":{"start":{"line":57,"column":0},"end":{"line":61,"column":0}}},"3":{"name":"handleClick","decl":{"start":{"line":85,"column":0},"end":{"line":null,"column":-1}},"loc":{"start":{"line":85,"column":0},"end":{"line":90,"column":0}}},"4":{"name":"btnClass","decl":{"start":{"line":93,"column":0},"end":{"line":null,"column":-1}},"loc":{"start":{"line":93,"column":0},"end":{"line":102,"column":0}}}},"branchMap":{"0":{"loc":{"start":{"line":86,"column":0},"end":{"line":88,"column":0}},"type":"if","locations":[{"start":{"line":86,"column":0},"end":{"line":88,"column":0}},{"start":{"line":86,"column":0},"end":{"line":88,"column":0}}]},"1":{"loc":{"start":{"line":86,"column":0},"end":{"line":null,"column":-1}},"type":"binary-expr","locations":[{"start":{"line":86,"column":0},"end":{"line":null,"column":-1}},{"start":{"line":86,"column":0},"end":{"line":null,"column":-1}}]},"2":{"loc":{"start":{"line":94,"column":0},"end":{"line":null,"column":-1}},"type":"cond-expr","locations":[{"start":{"line":94,"column":0},"end":{"line":null,"column":-1}},{"start":{"line":94,"column":0},"end":{"line":null,"column":-1}}]}},"s":{"0":2,"1":24,"2":24,"3":24,"4":2,"5":1,"6":1,"7":24},"f":{"0":24,"1":24,"2":24,"3":2,"4":24},"b":{"0":[1,1],"1":[2,1],"2":[4,20]}}
,"/Users/chenjinxin/chenjinxin/ui/afo-vue-mobile/src/card/index.js": {"path":"/Users/chenjinxin/chenjinxin/ui/afo-vue-mobile/src/card/index.js","statementMap":{"0":{"start":{"line":3,"column":0},"end":{"line":5,"column":1}},"1":{"start":{"line":4,"column":2},"end":{"line":4,"column":32}}},"fnMap":{"0":{"name":"(anonymous_0)","decl":{"start":{"line":3,"column":15},"end":{"line":3,"column":16}},"loc":{"start":{"line":3,"column":30},"end":{"line":5,"column":1}},"line":3}},"branchMap":{},"s":{"0":1,"1":1},"f":{"0":1},"b":{},"_coverageSchema":"332fd63041d2c1bcb487cc26dd0d5f7d97098a6c","hash":"6d81cd66a71f663955f9ceeb0650d044244235b9"}
,"/Users/chenjinxin/chenjinxin/ui/afo-vue-mobile/src/collapse/index.js": {"path":"/Users/chenjinxin/chenjinxin/ui/afo-vue-mobile/src/collapse/index.js","statementMap":{"0":{"start":{"line":3,"column":0},"end":{"line":5,"column":1}},"1":{"start":{"line":4,"column":2},"end":{"line":4,"column":40}}},"fnMap":{"0":{"name":"(anonymous_0)","decl":{"start":{"line":3,"column":19},"end":{"line":3,"column":20}},"loc":{"start":{"line":3,"column":34},"end":{"line":5,"column":1}},"line":3}},"branchMap":{},"s":{"0":1,"1":1},"f":{"0":1},"b":{},"_coverageSchema":"332fd63041d2c1bcb487cc26dd0d5f7d97098a6c","hash":"aea335d593b649fac218d182d365c857338fb13b"}
,"/Users/chenjinxin/chenjinxin/ui/afo-vue-mobile/src/collapse-item/index.js": {"path":"/Users/chenjinxin/chenjinxin/ui/afo-vue-mobile/src/collapse-item/index.js","statementMap":{"0":{"start":{"line":3,"column":0},"end":{"line":5,"column":1}},"1":{"start":{"line":4,"column":2},"end":{"line":4,"column":48}}},"fnMap":{"0":{"name":"(anonymous_0)","decl":{"start":{"line":3,"column":23},"end":{"line":3,"column":24}},"loc":{"start":{"line":3,"column":38},"end":{"line":5,"column":1}},"line":3}},"branchMap":{},"s":{"0":1,"1":1},"f":{"0":1},"b":{},"_coverageSchema":"332fd63041d2c1bcb487cc26dd0d5f7d97098a6c","hash":"9b760f1e4cd8f4689f246523a27ddd768530c465"}
,"/Users/chenjinxin/chenjinxin/ui/afo-vue-mobile/src/collapse-item/index.vue": {"path":"/Users/chenjinxin/chenjinxin/ui/afo-vue-mobile/src/collapse-item/index.vue","statementMap":{"0":{"start":{"line":19,"column":0},"end":{"line":null,"column":-1}},"1":{"start":{"line":20,"column":0},"end":{"line":null,"column":-1}},"2":{"start":{"line":21,"column":0},"end":{"line":null,"column":-1}},"3":{"start":{"line":30,"column":0},"end":{"line":null,"column":-1}},"4":{"start":{"line":37,"column":0},"end":{"line":null,"column":-1}},"5":{"start":{"line":44,"column":0},"end":{"line":null,"column":-1}},"6":{"start":{"line":47,"column":0},"end":{"line":null,"column":-1}},"7":{"start":{"line":50,"column":0},"end":{"line":null,"column":-1}},"8":{"start":{"line":52,"column":0},"end":{"line":null,"column":-1}},"9":{"start":{"line":53,"column":0},"end":{"line":55,"column":0}},"10":{"start":{"line":54,"column":0},"end":{"line":null,"column":-1}},"11":{"start":{"line":57,"column":0},"end":{"line":59,"column":0}},"12":{"start":{"line":59,"column":0},"end":{"line":null,"column":-1}},"13":{"start":{"line":63,"column":0},"end":{"line":null,"column":-1}},"14":{"start":{"line":64,"column":0},"end":{"line":null,"column":-1}},"15":{"start":{"line":65,"column":0},"end":{"line":null,"column":-1}},"16":{"start":{"line":66,"column":0},"end":{"line":null,"column":-1}},"17":{"start":{"line":69,"column":0},"end":{"line":null,"column":-1}},"18":{"start":{"line":72,"column":0},"end":{"line":null,"column":-1}},"19":{"start":{"line":73,"column":0},"end":{"line":75,"column":0}},"20":{"start":{"line":74,"column":0},"end":{"line":null,"column":-1}},"21":{"start":{"line":77,"column":0},"end":{"line":80,"column":0}},"22":{"start":{"line":78,"column":0},"end":{"line":null,"column":-1}},"23":{"start":{"line":79,"column":0},"end":{"line":null,"column":-1}},"24":{"start":{"line":82,"column":0},"end":{"line":92,"column":0}},"25":{"start":{"line":82,"column":0},"end":{"line":null,"column":-1}},"26":{"start":{"line":84,"column":0},"end":{"line":86,"column":0}},"27":{"start":{"line":85,"column":0},"end":{"line":null,"column":-1}},"28":{"start":{"line":87,"column":0},"end":{"line":null,"column":-1}},"29":{"start":{"line":88,"column":0},"end":{"line":null,"column":-1}},"30":{"start":{"line":89,"column":0},"end":{"line":91,"column":0}},"31":{"start":{"line":90,"column":0},"end":{"line":null,"column":-1}},"32":{"start":{"line":97,"column":0},"end":{"line":null,"column":-1}},"33":{"start":{"line":99,"column":0},"end":{"line":null,"column":-1}},"34":{"start":{"line":100,"column":0},"end":{"line":null,"column":-1}},"35":{"start":{"line":101,"column":0},"end":{"line":null,"column":-1}},"36":{"start":{"line":105,"column":0},"end":{"line":109,"column":0}},"37":{"start":{"line":106,"column":0},"end":{"line":null,"column":-1}},"38":{"start":{"line":108,"column":0},"end":{"line":null,"column":-1}}},"fnMap":{"0":{"name":"data","decl":{"start":{"line":29,"column":0},"end":{"line":null,"column":-1}},"loc":{"start":{"line":29,"column":0},"end":{"line":34,"column":0}}},"1":{"name":"itemCls","decl":{"start":{"line":36,"column":0},"end":{"line":null,"column":-1}},"loc":{"start":{"line":36,"column":0},"end":{"line":42,"column":0}}},"2":{"name":"items","decl":{"start":{"line":43,"column":0},"end":{"line":null,"column":-1}},"loc":{"start":{"line":43,"column":0},"end":{"line":45,"column":0}}},"3":{"name":"index","decl":{"start":{"line":46,"column":0},"end":{"line":null,"column":-1}},"loc":{"start":{"line":46,"column":0},"end":{"line":48,"column":0}}},"4":{"name":"currentName","decl":{"start":{"line":49,"column":0},"end":{"line":null,"column":-1}},"loc":{"start":{"line":49,"column":0},"end":{"line":51,"column":0}}},"5":{"name":"expanded","decl":{"start":{"line":52,"column":0},"end":{"line":null,"column":-1}},"loc":{"start":{"line":52,"column":0},"end":{"line":60,"column":0}}},"6":{"name":"(anonymous_7)","decl":{"start":{"line":57,"column":0},"end":{"line":null,"column":-1}},"loc":{"start":{"line":57,"column":0},"end":{"line":59,"column":0}}},"7":{"name":"created","decl":{"start":{"line":62,"column":0},"end":{"line":null,"column":-1}},"loc":{"start":{"line":62,"column":0},"end":{"line":67,"column":0}}},"8":{"name":"destroyed","decl":{"start":{"line":68,"column":0},"end":{"line":null,"column":-1}},"loc":{"start":{"line":68,"column":0},"end":{"line":70,"column":0}}},"9":{"name":"expanded","decl":{"start":{"line":72,"column":0},"end":{"line":null,"column":-1}},"loc":{"start":{"line":72,"column":0},"end":{"line":93,"column":0}}},"10":{"name":"(anonymous_11)","decl":{"start":{"line":82,"column":0},"end":{"line":null,"column":-1}},"loc":{"start":{"line":82,"column":0},"end":{"line":92,"column":0}}},"11":{"name":"(anonymous_12)","decl":{"start":{"line":89,"column":0},"end":{"line":null,"column":-1}},"loc":{"start":{"line":89,"column":0},"end":{"line":91,"column":0}}},"12":{"name":"onClick","decl":{"start":{"line":97,"column":0},"end":{"line":null,"column":-1}},"loc":{"start":{"line":97,"column":0},"end":{"line":102,"column":0}}},"13":{"name":"onTransitionEnd","decl":{"start":{"line":104,"column":0},"end":{"line":null,"column":-1}},"loc":{"start":{"line":104,"column":0},"end":{"line":110,"column":0}}}},"branchMap":{"0":{"loc":{"start":{"line":50,"column":0},"end":{"line":null,"column":-1}},"type":"cond-expr","locations":[{"start":{"line":50,"column":0},"end":{"line":null,"column":-1}},{"start":{"line":50,"column":0},"end":{"line":null,"column":-1}}]},"1":{"loc":{"start":{"line":53,"column":0},"end":{"line":55,"column":0}},"type":"if","locations":[{"start":{"line":53,"column":0},"end":{"line":55,"column":0}},{"start":{"line":53,"column":0},"end":{"line":55,"column":0}}]},"2":{"loc":{"start":{"line":57,"column":0},"end":{"line":null,"column":-1}},"type":"cond-expr","locations":[{"start":{"line":57,"column":0},"end":{"line":null,"column":-1}},{"start":{"line":57,"column":0},"end":{"line":59,"column":0}}]},"3":{"loc":{"start":{"line":73,"column":0},"end":{"line":75,"column":0}},"type":"if","locations":[{"start":{"line":73,"column":0},"end":{"line":75,"column":0}},{"start":{"line":73,"column":0},"end":{"line":75,"column":0}}]},"4":{"loc":{"start":{"line":77,"column":0},"end":{"line":80,"column":0}},"type":"if","locations":[{"start":{"line":77,"column":0},"end":{"line":80,"column":0}},{"start":{"line":77,"column":0},"end":{"line":80,"column":0}}]},"5":{"loc":{"start":{"line":84,"column":0},"end":{"line":86,"column":0}},"type":"if","locations":[{"start":{"line":84,"column":0},"end":{"line":86,"column":0}},{"start":{"line":84,"column":0},"end":{"line":86,"column":0}}]},"6":{"loc":{"start":{"line":84,"column":0},"end":{"line":null,"column":-1}},"type":"binary-expr","locations":[{"start":{"line":84,"column":0},"end":{"line":null,"column":-1}},{"start":{"line":84,"column":0},"end":{"line":null,"column":-1}}]},"7":{"loc":{"start":{"line":88,"column":0},"end":{"line":null,"column":-1}},"type":"cond-expr","locations":[{"start":{"line":88,"column":0},"end":{"line":null,"column":-1}},{"start":{"line":88,"column":0},"end":{"line":null,"column":-1}}]},"8":{"loc":{"start":{"line":90,"column":0},"end":{"line":null,"column":-1}},"type":"cond-expr","locations":[{"start":{"line":90,"column":0},"end":{"line":null,"column":-1}},{"start":{"line":90,"column":0},"end":{"line":null,"column":-1}}]},"9":{"loc":{"start":{"line":99,"column":0},"end":{"line":null,"column":-1}},"type":"cond-expr","locations":[{"start":{"line":99,"column":0},"end":{"line":null,"column":-1}},{"start":{"line":99,"column":0},"end":{"line":null,"column":-1}}]},"10":{"loc":{"start":{"line":105,"column":0},"end":{"line":109,"column":0}},"type":"if","locations":[{"start":{"line":105,"column":0},"end":{"line":109,"column":0}},{"start":{"line":105,"column":0},"end":{"line":109,"column":0}}]}},"s":{"0":1,"1":1,"2":1,"3":8,"4":13,"5":21,"6":13,"7":8,"8":24,"9":16,"10":8,"11":8,"12":5,"13":8,"14":8,"15":8,"16":8,"17":0,"18":8,"19":8,"20":8,"21":0,"22":0,"23":0,"24":0,"25":0,"26":0,"27":0,"28":0,"29":0,"30":0,"31":0,"32":0,"33":0,"34":0,"35":0,"36":0,"37":0,"38":0},"f":{"0":8,"1":13,"2":21,"3":13,"4":8,"5":16,"6":5,"7":8,"8":0,"9":8,"10":0,"11":0,"12":0,"13":0},"b":{"0":[8,0],"1":[8,8],"2":[3,5],"3":[8,0],"4":[0,0],"5":[0,0],"6":[0,0],"7":[0,0],"8":[0,0],"9":[0,0],"10":[0,0]}}
,"/Users/chenjinxin/chenjinxin/ui/afo-vue-mobile/src/collapse/components/collapse.vue": {"path":"/Users/chenjinxin/chenjinxin/ui/afo-vue-mobile/src/collapse/components/collapse.vue","statementMap":{"0":{"start":{"line":14,"column":0},"end":{"line":null,"column":-1}},"1":{"start":{"line":20,"column":0},"end":{"line":24,"column":0}},"2":{"start":{"line":21,"column":0},"end":{"line":23,"column":0}},"3":{"start":{"line":23,"column":0},"end":{"line":null,"column":-1}},"4":{"start":{"line":25,"column":0},"end":{"line":null,"column":-1}},"5":{"start":{"line":26,"column":0},"end":{"line":null,"column":-1}},"6":{"start":{"line":27,"column":0},"end":{"line":null,"column":-1}}},"fnMap":{"0":{"name":"data","decl":{"start":{"line":13,"column":0},"end":{"line":null,"column":-1}},"loc":{"start":{"line":13,"column":0},"end":{"line":17,"column":0}}},"1":{"name":"_switch","decl":{"start":{"line":19,"column":0},"end":{"line":null,"column":-1}},"loc":{"start":{"line":19,"column":0},"end":{"line":28,"column":0}}},"2":{"name":"(anonymous_3)","decl":{"start":{"line":21,"column":0},"end":{"line":null,"column":-1}},"loc":{"start":{"line":21,"column":0},"end":{"line":23,"column":0}}}},"branchMap":{"0":{"loc":{"start":{"line":20,"column":0},"end":{"line":24,"column":0}},"type":"if","locations":[{"start":{"line":20,"column":0},"end":{"line":24,"column":0}},{"start":{"line":20,"column":0},"end":{"line":24,"column":0}}]},"1":{"loc":{"start":{"line":21,"column":0},"end":{"line":null,"column":-1}},"type":"cond-expr","locations":[{"start":{"line":21,"column":0},"end":{"line":null,"column":-1}},{"start":{"line":21,"column":0},"end":{"line":23,"column":0}}]}},"s":{"0":3,"1":0,"2":0,"3":0,"4":0,"5":0,"6":0},"f":{"0":3,"1":0,"2":0},"b":{"0":[0,0],"1":[0,0]}}
,"/Users/chenjinxin/chenjinxin/ui/afo-vue-mobile/src/collapse/demo/index.vue": {"path":"/Users/chenjinxin/chenjinxin/ui/afo-vue-mobile/src/collapse/demo/index.vue","statementMap":{"0":{"start":{"line":43,"column":0},"end":{"line":null,"column":-1}}},"fnMap":{"0":{"name":"data","decl":{"start":{"line":42,"column":0},"end":{"line":null,"column":-1}},"loc":{"start":{"line":42,"column":0},"end":{"line":47,"column":0}}}},"branchMap":{},"s":{"0":1},"f":{"0":1},"b":{}}
,"/Users/chenjinxin/chenjinxin/ui/afo-vue-mobile/src/icon/index.js": {"path":"/Users/chenjinxin/chenjinxin/ui/afo-vue-mobile/src/icon/index.js","statementMap":{"0":{"start":{"line":3,"column":0},"end":{"line":5,"column":1}},"1":{"start":{"line":4,"column":2},"end":{"line":4,"column":32}}},"fnMap":{"0":{"name":"(anonymous_0)","decl":{"start":{"line":3,"column":15},"end":{"line":3,"column":16}},"loc":{"start":{"line":3,"column":30},"end":{"line":5,"column":1}},"line":3}},"branchMap":{},"s":{"0":1,"1":1},"f":{"0":1},"b":{},"_coverageSchema":"332fd63041d2c1bcb487cc26dd0d5f7d97098a6c","hash":"f9a3dfcaf3d17c346e80326e8b370dced021d89e"}
,"/Users/chenjinxin/chenjinxin/ui/afo-vue-mobile/src/icon/components/icon.vue": {"path":"/Users/chenjinxin/chenjinxin/ui/afo-vue-mobile/src/icon/components/icon.vue","statementMap":{"0":{"start":{"line":32,"column":0},"end":{"line":null,"column":-1}},"1":{"start":{"line":37,"column":0},"end":{"line":null,"column":-1}}},"fnMap":{"0":{"name":"handleClick","decl":{"start":{"line":31,"column":0},"end":{"line":null,"column":-1}},"loc":{"start":{"line":31,"column":0},"end":{"line":33,"column":0}}},"1":{"name":"iconClass","decl":{"start":{"line":36,"column":0},"end":{"line":null,"column":-1}},"loc":{"start":{"line":36,"column":0},"end":{"line":38,"column":0}}}},"branchMap":{},"s":{"0":1,"1":68},"f":{"0":1,"1":68},"b":{}}
,"/Users/chenjinxin/chenjinxin/ui/afo-vue-mobile/src/icon/demo/index.vue": {"path":"/Users/chenjinxin/chenjinxin/ui/afo-vue-mobile/src/icon/demo/index.vue","statementMap":{"0":{"start":{"line":13,"column":0},"end":{"line":null,"column":-1}}},"fnMap":{"0":{"name":"data","decl":{"start":{"line":12,"column":0},"end":{"line":null,"column":-1}},"loc":{"start":{"line":12,"column":0},"end":{"line":31,"column":0}}}},"branchMap":{},"s":{"0":1},"f":{"0":1},"b":{}}
,"/Users/chenjinxin/chenjinxin/ui/afo-vue-mobile/src/loading/index.js": {"path":"/Users/chenjinxin/chenjinxin/ui/afo-vue-mobile/src/loading/index.js","statementMap":{"0":{"start":{"line":3,"column":0},"end":{"line":5,"column":1}},"1":{"start":{"line":4,"column":2},"end":{"line":4,"column":38}}},"fnMap":{"0":{"name":"(anonymous_0)","decl":{"start":{"line":3,"column":18},"end":{"line":3,"column":19}},"loc":{"start":{"line":3,"column":33},"end":{"line":5,"column":1}},"line":3}},"branchMap":{},"s":{"0":1,"1":1},"f":{"0":1},"b":{},"_coverageSchema":"332fd63041d2c1bcb487cc26dd0d5f7d97098a6c","hash":"19da6d7ffaf8324febc9873b6af4c63936be2d22"}
,"/Users/chenjinxin/chenjinxin/ui/afo-vue-mobile/src/loading/components/loading.vue": {"path":"/Users/chenjinxin/chenjinxin/ui/afo-vue-mobile/src/loading/components/loading.vue","statementMap":{"0":{"start":{"line":28,"column":0},"end":{"line":null,"column":-1}},"1":{"start":{"line":36,"column":0},"end":{"line":null,"column":-1}}},"fnMap":{"0":{"name":"validator","decl":{"start":{"line":27,"column":0},"end":{"line":null,"column":-1}},"loc":{"start":{"line":27,"column":0},"end":{"line":31,"column":0}}},"1":{"name":"loadingCls","decl":{"start":{"line":35,"column":0},"end":{"line":null,"column":-1}},"loc":{"start":{"line":35,"column":0},"end":{"line":40,"column":0}}}},"branchMap":{},"s":{"0":4,"1":4},"f":{"0":4,"1":4},"b":{}}
,"/Users/chenjinxin/chenjinxin/ui/afo-vue-mobile/src/navbar/index.js": {"path":"/Users/chenjinxin/chenjinxin/ui/afo-vue-mobile/src/navbar/index.js","statementMap":{"0":{"start":{"line":3,"column":0},"end":{"line":5,"column":1}},"1":{"start":{"line":4,"column":2},"end":{"line":4,"column":36}}},"fnMap":{"0":{"name":"(anonymous_0)","decl":{"start":{"line":3,"column":17},"end":{"line":3,"column":18}},"loc":{"start":{"line":3,"column":32},"end":{"line":5,"column":1}},"line":3}},"branchMap":{},"s":{"0":1,"1":1},"f":{"0":1},"b":{},"_coverageSchema":"332fd63041d2c1bcb487cc26dd0d5f7d97098a6c","hash":"9c66d2f227750a2044440058c1f9e97515dd806b"}
,"/Users/chenjinxin/chenjinxin/ui/afo-vue-mobile/src/navbar/components/navbar.vue": {"path":"/Users/chenjinxin/chenjinxin/ui/afo-vue-mobile/src/navbar/components/navbar.vue","statementMap":{"0":{"start":{"line":42,"column":0},"end":{"line":43,"column":0}}},"fnMap":{"0":{"name":"navbarCls","decl":{"start":{"line":41,"column":0},"end":{"line":null,"column":-1}},"loc":{"start":{"line":41,"column":0},"end":{"line":48,"column":0}}}},"branchMap":{},"s":{"0":4},"f":{"0":4},"b":{}}
,"/Users/chenjinxin/chenjinxin/ui/afo-vue-mobile/src/navbar/demo/index.vue": {"path":"/Users/chenjinxin/chenjinxin/ui/afo-vue-mobile/src/navbar/demo/index.vue","statementMap":{"0":{"start":{"line":1,"column":1},"end":{"line":37,"column":4}},"1":{"start":{"line":4,"column":29},"end":{"line":4,"column":152}},"2":{"start":{"line":6,"column":0},"end":{"line":8,"column":3}},"3":{"start":{"line":9,"column":0},"end":{"line":9,"column":25}},"4":{"start":{"line":11,"column":14},"end":{"line":11,"column":79}},"5":{"start":{"line":25,"column":15},"end":{"line":35,"column":1}},"6":{"start":{"line":32,"column":6},"end":{"line":32,"column":27}},"7":{"start":{"line":36,"column":0},"end":{"line":36,"column":27}},"8":{"start":{"line":38,"column":20},"end":{"line":38,"column":89}},"9":{"start":{"line":38,"column":114},"end":{"line":38,"column":187}},"10":{"start":{"line":39,"column":0},"end":{"line":39,"column":636}},"11":{"start":{"line":39,"column":54},"end":{"line":39,"column":58}},"12":{"start":{"line":39,"column":66},"end":{"line":39,"column":84}},"13":{"start":{"line":39,"column":92},"end":{"line":39,"column":108}},"14":{"start":{"line":39,"column":109},"end":{"line":39,"column":635}},"15":{"start":{"line":40,"column":0},"end":{"line":40,"column":37}}},"fnMap":{"0":{"name":"(anonymous_0)","decl":{"start":{"line":1,"column":2},"end":{"line":1,"column":3}},"loc":{"start":{"line":1,"column":12},"end":{"line":37,"column":1}},"line":1},"1":{"name":"handleBack","decl":{"start":{"line":31,"column":25},"end":{"line":31,"column":35}},"loc":{"start":{"line":31,"column":38},"end":{"line":33,"column":5}},"line":31},"2":{"name":"render","decl":{"start":{"line":39,"column":35},"end":{"line":39,"column":41}},"loc":{"start":{"line":39,"column":45},"end":{"line":39,"column":636}},"line":39}},"branchMap":{"0":{"loc":{"start":{"line":38,"column":20},"end":{"line":38,"column":89}},"type":"cond-expr","locations":[{"start":{"line":38,"column":50},"end":{"line":38,"column":72}},{"start":{"line":38,"column":75},"end":{"line":38,"column":89}}],"line":38},"1":{"loc":{"start":{"line":38,"column":114},"end":{"line":38,"column":187}},"type":"cond-expr","locations":[{"start":{"line":38,"column":151},"end":{"line":38,"column":172}},{"start":{"line":38,"column":174},"end":{"line":38,"column":187}}],"line":38},"2":{"loc":{"start":{"line":39,"column":92},"end":{"line":39,"column":108}},"type":"binary-expr","locations":[{"start":{"line":39,"column":92},"end":{"line":39,"column":104}},{"start":{"line":39,"column":106},"end":{"line":39,"column":108}}],"line":39}},"s":{"0":1,"1":1,"2":1,"3":1,"4":1,"5":1,"6":0,"7":1,"8":1,"9":1,"10":1,"11":1,"12":1,"13":1,"14":1,"15":1},"f":{"0":1,"1":0,"2":1},"b":{"0":[1,0],"1":[0,1],"2":[1,0]},"_coverageSchema":"332fd63041d2c1bcb487cc26dd0d5f7d97098a6c","hash":"cd48cdcb1f63e85c789fcebc64fc0aaad2f32f5d"}
,"/Users/chenjinxin/chenjinxin/ui/afo-vue-mobile/src/notice-bar/index.js": {"path":"/Users/chenjinxin/chenjinxin/ui/afo-vue-mobile/src/notice-bar/index.js","statementMap":{"0":{"start":{"line":3,"column":0},"end":{"line":5,"column":1}},"1":{"start":{"line":4,"column":2},"end":{"line":4,"column":42}}},"fnMap":{"0":{"name":"(anonymous_0)","decl":{"start":{"line":3,"column":20},"end":{"line":3,"column":21}},"loc":{"start":{"line":3,"column":35},"end":{"line":5,"column":1}},"line":3}},"branchMap":{},"s":{"0":1,"1":1},"f":{"0":1},"b":{},"_coverageSchema":"332fd63041d2c1bcb487cc26dd0d5f7d97098a6c","hash":"6bee3b936787956c2c9dfb316eb1f0d51052c6eb"}
,"/Users/chenjinxin/chenjinxin/ui/afo-vue-mobile/src/notice-bar/components/notice-bar.vue": {"path":"/Users/chenjinxin/chenjinxin/ui/afo-vue-mobile/src/notice-bar/components/notice-bar.vue","statementMap":{"0":{"start":{"line":55,"column":0},"end":{"line":null,"column":-1}},"1":{"start":{"line":66,"column":0},"end":{"line":null,"column":-1}},"2":{"start":{"line":69,"column":0},"end":{"line":null,"column":-1}},"3":{"start":{"line":75,"column":0},"end":{"line":null,"column":-1}},"4":{"start":{"line":81,"column":0},"end":{"line":null,"column":-1}},"5":{"start":{"line":88,"column":0},"end":{"line":null,"column":-1}},"6":{"start":{"line":96,"column":0},"end":{"line":null,"column":-1}},"7":{"start":{"line":98,"column":0},"end":{"line":null,"column":-1}},"8":{"start":{"line":99,"column":0},"end":{"line":null,"column":-1}},"9":{"start":{"line":100,"column":0},"end":{"line":103,"column":0}},"10":{"start":{"line":101,"column":0},"end":{"line":null,"column":-1}},"11":{"start":{"line":102,"column":0},"end":{"line":null,"column":-1}},"12":{"start":{"line":108,"column":0},"end":{"line":null,"column":-1}},"13":{"start":{"line":109,"column":0},"end":{"line":122,"column":0}},"14":{"start":{"line":109,"column":0},"end":{"line":null,"column":-1}},"15":{"start":{"line":111,"column":0},"end":{"line":113,"column":0}},"16":{"start":{"line":112,"column":0},"end":{"line":null,"column":-1}},"17":{"start":{"line":114,"column":0},"end":{"line":null,"column":-1}},"18":{"start":{"line":115,"column":0},"end":{"line":null,"column":-1}},"19":{"start":{"line":116,"column":0},"end":{"line":121,"column":0}},"20":{"start":{"line":117,"column":0},"end":{"line":null,"column":-1}},"21":{"start":{"line":118,"column":0},"end":{"line":null,"column":-1}},"22":{"start":{"line":119,"column":0},"end":{"line":null,"column":-1}},"23":{"start":{"line":120,"column":0},"end":{"line":null,"column":-1}}},"fnMap":{"0":{"name":"data","decl":{"start":{"line":54,"column":0},"end":{"line":null,"column":-1}},"loc":{"start":{"line":54,"column":0},"end":{"line":63,"column":0}}},"1":{"name":"iconName","decl":{"start":{"line":65,"column":0},"end":{"line":null,"column":-1}},"loc":{"start":{"line":65,"column":0},"end":{"line":67,"column":0}}},"2":{"name":"noticeBarCls","decl":{"start":{"line":68,"column":0},"end":{"line":null,"column":-1}},"loc":{"start":{"line":68,"column":0},"end":{"line":73,"column":0}}},"3":{"name":"noticeBarStyle","decl":{"start":{"line":74,"column":0},"end":{"line":null,"column":-1}},"loc":{"start":{"line":74,"column":0},"end":{"line":79,"column":0}}},"4":{"name":"contentStyle","decl":{"start":{"line":80,"column":0},"end":{"line":null,"column":-1}},"loc":{"start":{"line":80,"column":0},"end":{"line":86,"column":0}}},"5":{"name":"noticeContentCls","decl":{"start":{"line":87,"column":0},"end":{"line":null,"column":-1}},"loc":{"start":{"line":87,"column":0},"end":{"line":92,"column":0}}},"6":{"name":"onClickIcon","decl":{"start":{"line":95,"column":0},"end":{"line":null,"column":-1}},"loc":{"start":{"line":95,"column":0},"end":{"line":97,"column":0}}},"7":{"name":"onAnimationEnd","decl":{"start":{"line":98,"column":0},"end":{"line":null,"column":-1}},"loc":{"start":{"line":98,"column":0},"end":{"line":104,"column":0}}},"8":{"name":"(anonymous_9)","decl":{"start":{"line":100,"column":0},"end":{"line":null,"column":-1}},"loc":{"start":{"line":100,"column":0},"end":{"line":103,"column":0}}},"9":{"name":"handler","decl":{"start":{"line":108,"column":0},"end":{"line":null,"column":-1}},"loc":{"start":{"line":108,"column":0},"end":{"line":123,"column":0}}},"10":{"name":"(anonymous_11)","decl":{"start":{"line":109,"column":0},"end":{"line":null,"column":-1}},"loc":{"start":{"line":109,"column":0},"end":{"line":122,"column":0}}}},"branchMap":{"0":{"loc":{"start":{"line":66,"column":0},"end":{"line":null,"column":-1}},"type":"cond-expr","locations":[{"start":{"line":66,"column":0},"end":{"line":null,"column":-1}},{"start":{"line":66,"column":0},"end":{"line":null,"column":-1}}]},"1":{"loc":{"start":{"line":82,"column":0},"end":{"line":null,"column":-1}},"type":"cond-expr","locations":[{"start":{"line":82,"column":0},"end":{"line":null,"column":-1}},{"start":{"line":82,"column":0},"end":{"line":null,"column":-1}}]},"2":{"loc":{"start":{"line":83,"column":0},"end":{"line":null,"column":-1}},"type":"cond-expr","locations":[{"start":{"line":83,"column":0},"end":{"line":null,"column":-1}},{"start":{"line":83,"column":0},"end":{"line":null,"column":-1}}]},"3":{"loc":{"start":{"line":111,"column":0},"end":{"line":113,"column":0}},"type":"if","locations":[{"start":{"line":111,"column":0},"end":{"line":113,"column":0}},{"start":{"line":111,"column":0},"end":{"line":113,"column":0}}]},"4":{"loc":{"start":{"line":111,"column":0},"end":{"line":null,"column":-1}},"type":"binary-expr","locations":[{"start":{"line":111,"column":0},"end":{"line":null,"column":-1}},{"start":{"line":111,"column":0},"end":{"line":null,"column":-1}}]},"5":{"loc":{"start":{"line":116,"column":0},"end":{"line":121,"column":0}},"type":"if","locations":[{"start":{"line":116,"column":0},"end":{"line":121,"column":0}},{"start":{"line":116,"column":0},"end":{"line":121,"column":0}}]},"6":{"loc":{"start":{"line":116,"column":0},"end":{"line":null,"column":-1}},"type":"binary-expr","locations":[{"start":{"line":116,"column":0},"end":{"line":null,"column":-1}},{"start":{"line":116,"column":0},"end":{"line":null,"column":-1}}]}},"s":{"0":8,"1":8,"2":8,"3":8,"4":8,"5":8,"6":0,"7":0,"8":0,"9":0,"10":0,"11":0,"12":8,"13":8,"14":24,"15":8,"16":0,"17":8,"18":8,"19":8,"20":0,"21":0,"22":0,"23":0},"f":{"0":8,"1":8,"2":8,"3":8,"4":8,"5":8,"6":0,"7":0,"8":0,"9":8,"10":8},"b":{"0":[4,10],"1":[8,0],"2":[8,0],"3":[0,8],"4":[8,8],"5":[0,8],"6":[8,6]}}
,"/Users/chenjinxin/chenjinxin/ui/afo-vue-mobile/src/pagination/index.js": {"path":"/Users/chenjinxin/chenjinxin/ui/afo-vue-mobile/src/pagination/index.js","statementMap":{"0":{"start":{"line":3,"column":0},"end":{"line":5,"column":1}},"1":{"start":{"line":4,"column":2},"end":{"line":4,"column":44}}},"fnMap":{"0":{"name":"(anonymous_0)","decl":{"start":{"line":3,"column":21},"end":{"line":3,"column":22}},"loc":{"start":{"line":3,"column":36},"end":{"line":5,"column":1}},"line":3}},"branchMap":{},"s":{"0":2,"1":2},"f":{"0":2},"b":{},"_coverageSchema":"332fd63041d2c1bcb487cc26dd0d5f7d97098a6c","hash":"208da954ada8a8ea9e11b14e23406f36278fd19a"}
,"/Users/chenjinxin/chenjinxin/ui/afo-vue-mobile/src/pagination/components/pagination.vue": {"path":"/Users/chenjinxin/chenjinxin/ui/afo-vue-mobile/src/pagination/components/pagination.vue","statementMap":{"0":{"start":{"line":37,"column":0},"end":{"line":null,"column":-1}},"1":{"start":{"line":57,"column":0},"end":{"line":null,"column":-1}},"2":{"start":{"line":60,"column":0},"end":{"line":null,"column":-1}},"3":{"start":{"line":61,"column":0},"end":{"line":null,"column":-1}},"4":{"start":{"line":64,"column":0},"end":{"line":null,"column":-1}},"5":{"start":{"line":70,"column":0},"end":{"line":null,"column":-1}},"6":{"start":{"line":78,"column":0},"end":{"line":null,"column":-1}},"7":{"start":{"line":86,"column":0},"end":{"line":null,"column":-1}},"8":{"start":{"line":89,"column":0},"end":{"line":null,"column":-1}},"9":{"start":{"line":90,"column":0},"end":{"line":null,"column":-1}},"10":{"start":{"line":92,"column":0},"end":{"line":null,"column":-1}},"11":{"start":{"line":93,"column":0},"end":{"line":null,"column":-1}},"12":{"start":{"line":94,"column":0},"end":{"line":null,"column":-1}},"13":{"start":{"line":95,"column":0},"end":{"line":98,"column":0}},"14":{"start":{"line":96,"column":0},"end":{"line":null,"column":-1}},"15":{"start":{"line":97,"column":0},"end":{"line":null,"column":-1}},"16":{"start":{"line":99,"column":0},"end":{"line":102,"column":0}},"17":{"start":{"line":100,"column":0},"end":{"line":null,"column":-1}},"18":{"start":{"line":101,"column":0},"end":{"line":null,"column":-1}},"19":{"start":{"line":103,"column":0},"end":{"line":106,"column":0}},"20":{"start":{"line":104,"column":0},"end":{"line":null,"column":-1}},"21":{"start":{"line":105,"column":0},"end":{"line":null,"column":-1}},"22":{"start":{"line":107,"column":0},"end":{"line":116,"column":0}},"23":{"start":{"line":108,"column":0},"end":{"line":111,"column":0}},"24":{"start":{"line":109,"column":0},"end":{"line":null,"column":-1}},"25":{"start":{"line":110,"column":0},"end":{"line":null,"column":-1}},"26":{"start":{"line":112,"column":0},"end":{"line":115,"column":0}},"27":{"start":{"line":113,"column":0},"end":{"line":null,"column":-1}},"28":{"start":{"line":114,"column":0},"end":{"line":null,"column":-1}},"29":{"start":{"line":117,"column":0},"end":{"line":null,"column":-1}},"30":{"start":{"line":123,"column":0},"end":{"line":null,"column":-1}},"31":{"start":{"line":130,"column":0},"end":{"line":null,"column":-1}},"32":{"start":{"line":131,"column":0},"end":{"line":null,"column":-1}},"33":{"start":{"line":132,"column":0},"end":{"line":135,"column":0}},"34":{"start":{"line":133,"column":0},"end":{"line":null,"column":-1}},"35":{"start":{"line":134,"column":0},"end":{"line":null,"column":-1}},"36":{"start":{"line":139,"column":0},"end":{"line":null,"column":-1}}},"fnMap":{"0":{"name":"validator","decl":{"start":{"line":36,"column":0},"end":{"line":null,"column":-1}},"loc":{"start":{"line":36,"column":0},"end":{"line":40,"column":0}}},"1":{"name":"isMultiMode","decl":{"start":{"line":56,"column":0},"end":{"line":null,"column":-1}},"loc":{"start":{"line":56,"column":0},"end":{"line":58,"column":0}}},"2":{"name":"computedPageCount","decl":{"start":{"line":59,"column":0},"end":{"line":null,"column":-1}},"loc":{"start":{"line":59,"column":0},"end":{"line":62,"column":0}}},"3":{"name":"paginationCls","decl":{"start":{"line":63,"column":0},"end":{"line":null,"column":-1}},"loc":{"start":{"line":63,"column":0},"end":{"line":68,"column":0}}},"4":{"name":"prevCls","decl":{"start":{"line":69,"column":0},"end":{"line":null,"column":-1}},"loc":{"start":{"line":69,"column":0},"end":{"line":76,"column":0}}},"5":{"name":"nextCls","decl":{"start":{"line":77,"column":0},"end":{"line":null,"column":-1}},"loc":{"start":{"line":77,"column":0},"end":{"line":84,"column":0}}},"6":{"name":"pageDesc","decl":{"start":{"line":85,"column":0},"end":{"line":null,"column":-1}},"loc":{"start":{"line":85,"column":0},"end":{"line":87,"column":0}}},"7":{"name":"pages","decl":{"start":{"line":88,"column":0},"end":{"line":null,"column":-1}},"loc":{"start":{"line":88,"column":0},"end":{"line":118,"column":0}}},"8":{"name":"handler","decl":{"start":{"line":122,"column":0},"end":{"line":null,"column":-1}},"loc":{"start":{"line":122,"column":0},"end":{"line":124,"column":0}}},"9":{"name":"selectPage","decl":{"start":{"line":129,"column":0},"end":{"line":null,"column":-1}},"loc":{"start":{"line":129,"column":0},"end":{"line":136,"column":0}}},"10":{"name":"makePage","decl":{"start":{"line":138,"column":0},"end":{"line":null,"column":-1}},"loc":{"start":{"line":138,"column":0},"end":{"line":140,"column":0}}}},"branchMap":{"0":{"loc":{"start":{"line":60,"column":0},"end":{"line":null,"column":-1}},"type":"binary-expr","locations":[{"start":{"line":60,"column":0},"end":{"line":null,"column":-1}},{"start":{"line":60,"column":0},"end":{"line":null,"column":-1}}]},"1":{"loc":{"start":{"line":94,"column":0},"end":{"line":null,"column":-1}},"type":"binary-expr","locations":[{"start":{"line":94,"column":0},"end":{"line":null,"column":-1}},{"start":{"line":94,"column":0},"end":{"line":null,"column":-1}}]},"2":{"loc":{"start":{"line":95,"column":0},"end":{"line":98,"column":0}},"type":"if","locations":[{"start":{"line":95,"column":0},"end":{"line":98,"column":0}},{"start":{"line":95,"column":0},"end":{"line":98,"column":0}}]},"3":{"loc":{"start":{"line":99,"column":0},"end":{"line":102,"column":0}},"type":"if","locations":[{"start":{"line":99,"column":0},"end":{"line":102,"column":0}},{"start":{"line":99,"column":0},"end":{"line":102,"column":0}}]},"4":{"loc":{"start":{"line":107,"column":0},"end":{"line":116,"column":0}},"type":"if","locations":[{"start":{"line":107,"column":0},"end":{"line":116,"column":0}},{"start":{"line":107,"column":0},"end":{"line":116,"column":0}}]},"5":{"loc":{"start":{"line":107,"column":0},"end":{"line":null,"column":-1}},"type":"binary-expr","locations":[{"start":{"line":107,"column":0},"end":{"line":null,"column":-1}},{"start":{"line":107,"column":0},"end":{"line":null,"column":-1}},{"start":{"line":107,"column":0},"end":{"line":null,"column":-1}}]},"6":{"loc":{"start":{"line":108,"column":0},"end":{"line":111,"column":0}},"type":"if","locations":[{"start":{"line":108,"column":0},"end":{"line":111,"column":0}},{"start":{"line":108,"column":0},"end":{"line":111,"column":0}}]},"7":{"loc":{"start":{"line":112,"column":0},"end":{"line":115,"column":0}},"type":"if","locations":[{"start":{"line":112,"column":0},"end":{"line":115,"column":0}},{"start":{"line":112,"column":0},"end":{"line":115,"column":0}}]},"8":{"loc":{"start":{"line":123,"column":0},"end":{"line":null,"column":-1}},"type":"binary-expr","locations":[{"start":{"line":123,"column":0},"end":{"line":null,"column":-1}},{"start":{"line":123,"column":0},"end":{"line":null,"column":-1}}]},"9":{"loc":{"start":{"line":132,"column":0},"end":{"line":135,"column":0}},"type":"if","locations":[{"start":{"line":132,"column":0},"end":{"line":135,"column":0}},{"start":{"line":132,"column":0},"end":{"line":135,"column":0}}]}},"s":{"0":6,"1":6,"2":6,"3":6,"4":6,"5":6,"6":6,"7":2,"8":6,"9":6,"10":6,"11":6,"12":6,"13":6,"14":6,"15":6,"16":6,"17":0,"18":0,"19":6,"20":26,"21":26,"22":6,"23":2,"24":0,"25":0,"26":2,"27":2,"28":2,"29":6,"30":6,"31":6,"32":6,"33":6,"34":0,"35":0,"36":28},"f":{"0":6,"1":6,"2":6,"3":6,"4":6,"5":6,"6":2,"7":6,"8":6,"9":6,"10":28},"b":{"0":[6,4],"1":[6,6],"2":[6,0],"3":[0,6],"4":[2,4],"5":[6,6,6],"6":[0,2],"7":[2,0],"8":[6,0],"9":[0,6]}}
,"/Users/chenjinxin/chenjinxin/ui/afo-vue-mobile/src/pagination/demo/index.vue": {"path":"/Users/chenjinxin/chenjinxin/ui/afo-vue-mobile/src/pagination/demo/index.vue","statementMap":{"0":{"start":{"line":28,"column":0},"end":{"line":null,"column":-1}}},"fnMap":{"0":{"name":"data","decl":{"start":{"line":27,"column":0},"end":{"line":null,"column":-1}},"loc":{"start":{"line":27,"column":0},"end":{"line":31,"column":0}}}},"branchMap":{},"s":{"0":2},"f":{"0":2},"b":{}}
,"/Users/chenjinxin/chenjinxin/ui/afo-vue-mobile/src/radio/index.js": {"path":"/Users/chenjinxin/chenjinxin/ui/afo-vue-mobile/src/radio/index.js","statementMap":{"0":{"start":{"line":3,"column":0},"end":{"line":5,"column":1}},"1":{"start":{"line":4,"column":2},"end":{"line":4,"column":34}}},"fnMap":{"0":{"name":"(anonymous_0)","decl":{"start":{"line":3,"column":16},"end":{"line":3,"column":17}},"loc":{"start":{"line":3,"column":31},"end":{"line":5,"column":1}},"line":3}},"branchMap":{},"s":{"0":1,"1":1},"f":{"0":1},"b":{},"_coverageSchema":"332fd63041d2c1bcb487cc26dd0d5f7d97098a6c","hash":"69ba2dee2aa891d778a90d3015b7fa65a65e6de1"}
,"/Users/chenjinxin/chenjinxin/ui/afo-vue-mobile/src/radio/compoents/radio.vue": {"path":"/Users/chenjinxin/chenjinxin/ui/afo-vue-mobile/src/radio/compoents/radio.vue","statementMap":{"0":{"start":{"line":1,"column":1},"end":{"line":75,"column":4}},"1":{"start":{"line":4,"column":29},"end":{"line":4,"column":152}},"2":{"start":{"line":6,"column":0},"end":{"line":8,"column":3}},"3":{"start":{"line":9,"column":0},"end":{"line":9,"column":25}},"4":{"start":{"line":11,"column":0},"end":{"line":11,"column":45}},"5":{"start":{"line":13,"column":23},"end":{"line":13,"column":163}},"6":{"start":{"line":15,"column":19},"end":{"line":15,"column":89}},"7":{"start":{"line":29,"column":15},"end":{"line":73,"column":1}},"8":{"start":{"line":41,"column":6},"end":{"line":44,"column":8}},"9":{"start":{"line":47,"column":6},"end":{"line":49,"column":64}},"10":{"start":{"line":53,"column":8},"end":{"line":53,"column":60}},"11":{"start":{"line":56,"column":8},"end":{"line":56,"column":50}},"12":{"start":{"line":60,"column":6},"end":{"line":60,"column":81}},"13":{"start":{"line":64,"column":4},"end":{"line":64,"column":39}},"14":{"start":{"line":68,"column":6},"end":{"line":70,"column":7}},"15":{"start":{"line":69,"column":8},"end":{"line":69,"column":38}},"16":{"start":{"line":74,"column":0},"end":{"line":74,"column":27}},"17":{"start":{"line":76,"column":20},"end":{"line":76,"column":89}},"18":{"start":{"line":76,"column":114},"end":{"line":76,"column":187}},"19":{"start":{"line":77,"column":0},"end":{"line":77,"column":811}},"20":{"start":{"line":77,"column":54},"end":{"line":77,"column":58}},"21":{"start":{"line":77,"column":66},"end":{"line":77,"column":84}},"22":{"start":{"line":77,"column":92},"end":{"line":77,"column":108}},"23":{"start":{"line":77,"column":109},"end":{"line":77,"column":810}},"24":{"start":{"line":77,"column":174},"end":{"line":77,"column":192}},"25":{"start":{"line":77,"column":534},"end":{"line":77,"column":559}},"26":{"start":{"line":78,"column":0},"end":{"line":78,"column":37}}},"fnMap":{"0":{"name":"(anonymous_0)","decl":{"start":{"line":1,"column":2},"end":{"line":1,"column":3}},"loc":{"start":{"line":1,"column":12},"end":{"line":75,"column":1}},"line":1},"1":{"name":"radioCLs","decl":{"start":{"line":40,"column":23},"end":{"line":40,"column":31}},"loc":{"start":{"line":40,"column":34},"end":{"line":45,"column":5}},"line":40},"2":{"name":"labelCls","decl":{"start":{"line":46,"column":23},"end":{"line":46,"column":31}},"loc":{"start":{"line":46,"column":34},"end":{"line":50,"column":5}},"line":46},"3":{"name":"get","decl":{"start":{"line":52,"column":20},"end":{"line":52,"column":23}},"loc":{"start":{"line":52,"column":26},"end":{"line":54,"column":7}},"line":52},"4":{"name":"set","decl":{"start":{"line":55,"column":20},"end":{"line":55,"column":23}},"loc":{"start":{"line":55,"column":29},"end":{"line":57,"column":7}},"line":55},"5":{"name":"isDisabled","decl":{"start":{"line":59,"column":25},"end":{"line":59,"column":35}},"loc":{"start":{"line":59,"column":38},"end":{"line":61,"column":5}},"line":59},"6":{"name":"created","decl":{"start":{"line":63,"column":20},"end":{"line":63,"column":27}},"loc":{"start":{"line":63,"column":30},"end":{"line":65,"column":3}},"line":63},"7":{"name":"onClickLable","decl":{"start":{"line":67,"column":27},"end":{"line":67,"column":39}},"loc":{"start":{"line":67,"column":42},"end":{"line":71,"column":5}},"line":67},"8":{"name":"render","decl":{"start":{"line":77,"column":35},"end":{"line":77,"column":41}},"loc":{"start":{"line":77,"column":45},"end":{"line":77,"column":811}},"line":77},"9":{"name":"(anonymous_9)","decl":{"start":{"line":77,"column":157},"end":{"line":77,"column":158}},"loc":{"start":{"line":77,"column":173},"end":{"line":77,"column":193}},"line":77},"10":{"name":"(anonymous_10)","decl":{"start":{"line":77,"column":517},"end":{"line":77,"column":518}},"loc":{"start":{"line":77,"column":533},"end":{"line":77,"column":560}},"line":77}},"branchMap":{"0":{"loc":{"start":{"line":53,"column":15},"end":{"line":53,"column":59}},"type":"cond-expr","locations":[{"start":{"line":53,"column":29},"end":{"line":53,"column":46}},{"start":{"line":53,"column":49},"end":{"line":53,"column":59}}],"line":53},"1":{"loc":{"start":{"line":56,"column":9},"end":{"line":56,"column":28}},"type":"binary-expr","locations":[{"start":{"line":56,"column":9},"end":{"line":56,"column":20}},{"start":{"line":56,"column":24},"end":{"line":56,"column":28}}],"line":56},"2":{"loc":{"start":{"line":60,"column":13},"end":{"line":60,"column":80}},"type":"cond-expr","locations":[{"start":{"line":60,"column":27},"end":{"line":60,"column":64}},{"start":{"line":60,"column":67},"end":{"line":60,"column":80}}],"line":60},"3":{"loc":{"start":{"line":60,"column":27},"end":{"line":60,"column":64}},"type":"binary-expr","locations":[{"start":{"line":60,"column":27},"end":{"line":60,"column":47}},{"start":{"line":60,"column":51},"end":{"line":60,"column":64}}],"line":60},"4":{"loc":{"start":{"line":68,"column":6},"end":{"line":70,"column":7}},"type":"if","locations":[{"start":{"line":68,"column":6},"end":{"line":70,"column":7}},{"start":{"line":68,"column":6},"end":{"line":70,"column":7}}],"line":68},"5":{"loc":{"start":{"line":68,"column":10},"end":{"line":68,"column":49}},"type":"binary-expr","locations":[{"start":{"line":68,"column":10},"end":{"line":68,"column":26}},{"start":{"line":68,"column":30},"end":{"line":68,"column":49}}],"line":68},"6":{"loc":{"start":{"line":76,"column":20},"end":{"line":76,"column":89}},"type":"cond-expr","locations":[{"start":{"line":76,"column":50},"end":{"line":76,"column":72}},{"start":{"line":76,"column":75},"end":{"line":76,"column":89}}],"line":76},"7":{"loc":{"start":{"line":76,"column":114},"end":{"line":76,"column":187}},"type":"cond-expr","locations":[{"start":{"line":76,"column":151},"end":{"line":76,"column":172}},{"start":{"line":76,"column":174},"end":{"line":76,"column":187}}],"line":76},"8":{"loc":{"start":{"line":77,"column":92},"end":{"line":77,"column":108}},"type":"binary-expr","locations":[{"start":{"line":77,"column":92},"end":{"line":77,"column":104}},{"start":{"line":77,"column":106},"end":{"line":77,"column":108}}],"line":77},"9":{"loc":{"start":{"line":77,"column":619},"end":{"line":77,"column":675}},"type":"cond-expr","locations":[{"start":{"line":77,"column":651},"end":{"line":77,"column":658}},{"start":{"line":77,"column":661},"end":{"line":77,"column":675}}],"line":77},"10":{"loc":{"start":{"line":77,"column":695},"end":{"line":77,"column":808}},"type":"cond-expr","locations":[{"start":{"line":77,"column":716},"end":{"line":77,"column":799}},{"start":{"line":77,"column":800},"end":{"line":77,"column":808}}],"line":77}},"s":{"0":1,"1":1,"2":1,"3":1,"4":1,"5":1,"6":1,"7":1,"8":4,"9":4,"10":4,"11":0,"12":4,"13":4,"14":0,"15":0,"16":1,"17":1,"18":1,"19":1,"20":4,"21":4,"22":4,"23":4,"24":0,"25":0,"26":1},"f":{"0":1,"1":4,"2":4,"3":4,"4":0,"5":4,"6":4,"7":0,"8":4,"9":0,"10":0},"b":{"0":[0,4],"1":[0,0],"2":[0,4],"3":[0,0],"4":[0,0],"5":[0,0],"6":[1,0],"7":[0,1],"8":[4,0],"9":[0,4],"10":[4,0]},"_coverageSchema":"332fd63041d2c1bcb487cc26dd0d5f7d97098a6c","hash":"857b4e6f82622091422b0dc5e78a85999b0e7802"}
,"/Users/chenjinxin/chenjinxin/ui/afo-vue-mobile/src/radio/demo/index.vue": {"path":"/Users/chenjinxin/chenjinxin/ui/afo-vue-mobile/src/radio/demo/index.vue","statementMap":{"0":{"start":{"line":20,"column":0},"end":{"line":null,"column":-1}}},"fnMap":{"0":{"name":"data","decl":{"start":{"line":19,"column":0},"end":{"line":null,"column":-1}},"loc":{"start":{"line":19,"column":0},"end":{"line":23,"column":0}}}},"branchMap":{},"s":{"0":1},"f":{"0":1},"b":{}}
,"/Users/chenjinxin/chenjinxin/ui/afo-vue-mobile/src/rate/index.js": {"path":"/Users/chenjinxin/chenjinxin/ui/afo-vue-mobile/src/rate/index.js","statementMap":{"0":{"start":{"line":3,"column":0},"end":{"line":5,"column":1}},"1":{"start":{"line":4,"column":2},"end":{"line":4,"column":32}}},"fnMap":{"0":{"name":"(anonymous_0)","decl":{"start":{"line":3,"column":15},"end":{"line":3,"column":16}},"loc":{"start":{"line":3,"column":30},"end":{"line":5,"column":1}},"line":3}},"branchMap":{},"s":{"0":1,"1":1},"f":{"0":1},"b":{},"_coverageSchema":"332fd63041d2c1bcb487cc26dd0d5f7d97098a6c","hash":"18ee795d20048ad912dee63d9e59c078bdb870dd"}
,"/Users/chenjinxin/chenjinxin/ui/afo-vue-mobile/src/rate/components/rate.vue": {"path":"/Users/chenjinxin/chenjinxin/ui/afo-vue-mobile/src/rate/components/rate.vue","statementMap":{"0":{"start":{"line":51,"column":0},"end":{"line":null,"column":-1}},"1":{"start":{"line":55,"column":0},"end":{"line":null,"column":-1}},"2":{"start":{"line":56,"column":0},"end":{"line":null,"column":-1}},"3":{"start":{"line":62,"column":0},"end":{"line":65,"column":0}},"4":{"start":{"line":63,"column":0},"end":{"line":null,"column":-1}},"5":{"start":{"line":64,"column":0},"end":{"line":null,"column":-1}}},"fnMap":{"0":{"name":"style","decl":{"start":{"line":50,"column":0},"end":{"line":null,"column":-1}},"loc":{"start":{"line":50,"column":0},"end":{"line":54,"column":0}}},"1":{"name":"list","decl":{"start":{"line":55,"column":0},"end":{"line":null,"column":-1}},"loc":{"start":{"line":55,"column":0},"end":{"line":57,"column":0}}},"2":{"name":"(anonymous_3)","decl":{"start":{"line":56,"column":0},"end":{"line":null,"column":-1}},"loc":{"start":{"line":56,"column":0},"end":{"line":null,"column":-1}}},"3":{"name":"onSelect","decl":{"start":{"line":61,"column":0},"end":{"line":null,"column":-1}},"loc":{"start":{"line":61,"column":0},"end":{"line":66,"column":0}}}},"branchMap":{"0":{"loc":{"start":{"line":62,"column":0},"end":{"line":65,"column":0}},"type":"if","locations":[{"start":{"line":62,"column":0},"end":{"line":65,"column":0}},{"start":{"line":62,"column":0},"end":{"line":65,"column":0}}]}},"s":{"0":4,"1":4,"2":25,"3":0,"4":0,"5":0},"f":{"0":4,"1":4,"2":21,"3":0},"b":{"0":[0,0]}}
,"/Users/chenjinxin/chenjinxin/ui/afo-vue-mobile/src/rate/demo/index.vue": {"path":"/Users/chenjinxin/chenjinxin/ui/afo-vue-mobile/src/rate/demo/index.vue","statementMap":{"0":{"start":{"line":23,"column":0},"end":{"line":null,"column":-1}}},"fnMap":{"0":{"name":"data","decl":{"start":{"line":22,"column":0},"end":{"line":null,"column":-1}},"loc":{"start":{"line":22,"column":0},"end":{"line":28,"column":0}}}},"branchMap":{},"s":{"0":1},"f":{"0":1},"b":{}}
,"/Users/chenjinxin/chenjinxin/ui/afo-vue-mobile/src/slider/index.js": {"path":"/Users/chenjinxin/chenjinxin/ui/afo-vue-mobile/src/slider/index.js","statementMap":{"0":{"start":{"line":3,"column":0},"end":{"line":5,"column":1}},"1":{"start":{"line":4,"column":2},"end":{"line":4,"column":36}}},"fnMap":{"0":{"name":"(anonymous_0)","decl":{"start":{"line":3,"column":17},"end":{"line":3,"column":18}},"loc":{"start":{"line":3,"column":32},"end":{"line":5,"column":1}},"line":3}},"branchMap":{},"s":{"0":1,"1":1},"f":{"0":1},"b":{},"_coverageSchema":"332fd63041d2c1bcb487cc26dd0d5f7d97098a6c","hash":"8ad06d3371cc135a4b82469046039e3fd0e46f51"}
,"/Users/chenjinxin/chenjinxin/ui/afo-vue-mobile/src/slider/components/slider.vue": {"path":"/Users/chenjinxin/chenjinxin/ui/afo-vue-mobile/src/slider/components/slider.vue","statementMap":{"0":{"start":{"line":16,"column":0},"end":{"line":null,"column":-1}},"1":{"start":{"line":45,"column":0},"end":{"line":null,"column":-1}},"2":{"start":{"line":51,"column":0},"end":{"line":null,"column":-1}},"3":{"start":{"line":59,"column":0},"end":{"line":null,"column":-1}},"4":{"start":{"line":60,"column":0},"end":{"line":null,"column":-1}},"5":{"start":{"line":61,"column":0},"end":{"line":null,"column":-1}},"6":{"start":{"line":64,"column":0},"end":{"line":null,"column":-1}},"7":{"start":{"line":66,"column":0},"end":{"line":null,"column":-1}},"8":{"start":{"line":67,"column":0},"end":{"line":null,"column":-1}},"9":{"start":{"line":68,"column":0},"end":{"line":null,"column":-1}},"10":{"start":{"line":69,"column":0},"end":{"line":null,"column":-1}},"11":{"start":{"line":72,"column":0},"end":{"line":null,"column":-1}},"12":{"start":{"line":73,"column":0},"end":{"line":null,"column":-1}},"13":{"start":{"line":76,"column":0},"end":{"line":null,"column":-1}},"14":{"start":{"line":77,"column":0},"end":{"line":null,"column":-1}},"15":{"start":{"line":78,"column":0},"end":{"line":null,"column":-1}},"16":{"start":{"line":79,"column":0},"end":{"line":null,"column":-1}},"17":{"start":{"line":82,"column":0},"end":{"line":null,"column":-1}},"18":{"start":{"line":83,"column":0},"end":{"line":null,"column":-1}},"19":{"start":{"line":85,"column":0},"end":{"line":87,"column":0}},"20":{"start":{"line":86,"column":0},"end":{"line":null,"column":-1}},"21":{"start":{"line":90,"column":0},"end":{"line":null,"column":-1}}},"fnMap":{"0":{"name":"sliderCls","decl":{"start":{"line":44,"column":0},"end":{"line":null,"column":-1}},"loc":{"start":{"line":44,"column":0},"end":{"line":49,"column":0}}},"1":{"name":"barStyle","decl":{"start":{"line":50,"column":0},"end":{"line":null,"column":-1}},"loc":{"start":{"line":50,"column":0},"end":{"line":55,"column":0}}},"2":{"name":"onTouchStart","decl":{"start":{"line":58,"column":0},"end":{"line":null,"column":-1}},"loc":{"start":{"line":58,"column":0},"end":{"line":62,"column":0}}},"3":{"name":"onTouchMove","decl":{"start":{"line":63,"column":0},"end":{"line":null,"column":-1}},"loc":{"start":{"line":63,"column":0},"end":{"line":70,"column":0}}},"4":{"name":"onTouchEnd","decl":{"start":{"line":71,"column":0},"end":{"line":null,"column":-1}},"loc":{"start":{"line":71,"column":0},"end":{"line":74,"column":0}}},"5":{"name":"onClick","decl":{"start":{"line":75,"column":0},"end":{"line":null,"column":-1}},"loc":{"start":{"line":75,"column":0},"end":{"line":80,"column":0}}},"6":{"name":"updateValue","decl":{"start":{"line":81,"column":0},"end":{"line":null,"column":-1}},"loc":{"start":{"line":81,"column":0},"end":{"line":88,"column":0}}},"7":{"name":"format","decl":{"start":{"line":89,"column":0},"end":{"line":null,"column":-1}},"loc":{"start":{"line":89,"column":0},"end":{"line":91,"column":0}}}},"branchMap":{"0":{"loc":{"start":{"line":59,"column":0},"end":{"line":null,"column":-1}},"type":"if","locations":[{"start":{"line":59,"column":0},"end":{"line":null,"column":-1}},{"start":{"line":59,"column":0},"end":{"line":null,"column":-1}}]},"1":{"loc":{"start":{"line":64,"column":0},"end":{"line":null,"column":-1}},"type":"if","locations":[{"start":{"line":64,"column":0},"end":{"line":null,"column":-1}},{"start":{"line":64,"column":0},"end":{"line":null,"column":-1}}]},"2":{"loc":{"start":{"line":72,"column":0},"end":{"line":null,"column":-1}},"type":"if","locations":[{"start":{"line":72,"column":0},"end":{"line":null,"column":-1}},{"start":{"line":72,"column":0},"end":{"line":null,"column":-1}}]},"3":{"loc":{"start":{"line":76,"column":0},"end":{"line":null,"column":-1}},"type":"if","locations":[{"start":{"line":76,"column":0},"end":{"line":null,"column":-1}},{"start":{"line":76,"column":0},"end":{"line":null,"column":-1}}]},"4":{"loc":{"start":{"line":85,"column":0},"end":{"line":87,"column":0}},"type":"if","locations":[{"start":{"line":85,"column":0},"end":{"line":87,"column":0}},{"start":{"line":85,"column":0},"end":{"line":87,"column":0}}]}},"s":{"0":1,"1":4,"2":4,"3":0,"4":0,"5":0,"6":0,"7":0,"8":0,"9":0,"10":0,"11":0,"12":0,"13":0,"14":0,"15":0,"16":0,"17":0,"18":0,"19":0,"20":0,"21":4},"f":{"0":4,"1":4,"2":0,"3":0,"4":0,"5":0,"6":0,"7":4},"b":{"0":[0,0],"1":[0,0],"2":[0,0],"3":[0,0],"4":[0,0]}}
,"/Users/chenjinxin/chenjinxin/ui/afo-vue-mobile/src/slider/demo/index.vue": {"path":"/Users/chenjinxin/chenjinxin/ui/afo-vue-mobile/src/slider/demo/index.vue","statementMap":{"0":{"start":{"line":20,"column":0},"end":{"line":null,"column":-1}},"1":{"start":{"line":26,"column":0},"end":{"line":null,"column":-1}}},"fnMap":{"0":{"name":"data","decl":{"start":{"line":19,"column":0},"end":{"line":null,"column":-1}},"loc":{"start":{"line":19,"column":0},"end":{"line":23,"column":0}}},"1":{"name":"onChange","decl":{"start":{"line":25,"column":0},"end":{"line":null,"column":-1}},"loc":{"start":{"line":25,"column":0},"end":{"line":27,"column":0}}}},"branchMap":{},"s":{"0":1,"1":0},"f":{"0":1,"1":0},"b":{}}
,"/Users/chenjinxin/chenjinxin/ui/afo-vue-mobile/src/steps/index.js": {"path":"/Users/chenjinxin/chenjinxin/ui/afo-vue-mobile/src/steps/index.js","statementMap":{"0":{"start":{"line":3,"column":0},"end":{"line":5,"column":1}},"1":{"start":{"line":4,"column":2},"end":{"line":4,"column":34}}},"fnMap":{"0":{"name":"(anonymous_0)","decl":{"start":{"line":3,"column":16},"end":{"line":3,"column":17}},"loc":{"start":{"line":3,"column":31},"end":{"line":5,"column":1}},"line":3}},"branchMap":{},"s":{"0":1,"1":1},"f":{"0":1},"b":{},"_coverageSchema":"332fd63041d2c1bcb487cc26dd0d5f7d97098a6c","hash":"a0a2b4e15a7e7b2ca299ed9db89090cfc5b3a836"}
,"/Users/chenjinxin/chenjinxin/ui/afo-vue-mobile/src/steps/components/steps.vue": {"path":"/Users/chenjinxin/chenjinxin/ui/afo-vue-mobile/src/steps/components/steps.vue","statementMap":{"0":{"start":{"line":40,"column":0},"end":{"line":null,"column":-1}},"1":{"start":{"line":46,"column":0},"end":{"line":null,"column":-1}},"2":{"start":{"line":53,"column":0},"end":{"line":null,"column":-1}}},"fnMap":{"0":{"name":"stepsCls","decl":{"start":{"line":39,"column":0},"end":{"line":null,"column":-1}},"loc":{"start":{"line":39,"column":0},"end":{"line":44,"column":0}}},"1":{"name":"itemsCls","decl":{"start":{"line":45,"column":0},"end":{"line":null,"column":-1}},"loc":{"start":{"line":45,"column":0},"end":{"line":50,"column":0}}},"2":{"name":"data","decl":{"start":{"line":52,"column":0},"end":{"line":null,"column":-1}},"loc":{"start":{"line":52,"column":0},"end":{"line":56,"column":0}}}},"branchMap":{"0":{"loc":{"start":{"line":48,"column":0},"end":{"line":null,"column":-1}},"type":"binary-expr","locations":[{"start":{"line":48,"column":0},"end":{"line":null,"column":-1}},{"start":{"line":48,"column":0},"end":{"line":null,"column":-1}}]}},"s":{"0":2,"1":2,"2":2},"f":{"0":2,"1":2,"2":2},"b":{"0":[2,2]}}
,"/Users/chenjinxin/chenjinxin/ui/afo-vue-mobile/src/steps/demo/index.vue": {"path":"/Users/chenjinxin/chenjinxin/ui/afo-vue-mobile/src/steps/demo/index.vue","statementMap":{"0":{"start":{"line":32,"column":0},"end":{"line":null,"column":-1}},"1":{"start":{"line":48,"column":0},"end":{"line":null,"column":-1}},"2":{"start":{"line":49,"column":0},"end":{"line":null,"column":-1}}},"fnMap":{"0":{"name":"data","decl":{"start":{"line":31,"column":0},"end":{"line":null,"column":-1}},"loc":{"start":{"line":31,"column":0},"end":{"line":44,"column":0}}},"1":{"name":"nextStep","decl":{"start":{"line":47,"column":0},"end":{"line":null,"column":-1}},"loc":{"start":{"line":47,"column":0},"end":{"line":50,"column":0}}}},"branchMap":{},"s":{"0":1,"1":0,"2":0},"f":{"0":1,"1":0},"b":{}}
,"/Users/chenjinxin/chenjinxin/ui/afo-vue-mobile/src/switch/index.js": {"path":"/Users/chenjinxin/chenjinxin/ui/afo-vue-mobile/src/switch/index.js","statementMap":{"0":{"start":{"line":3,"column":0},"end":{"line":5,"column":1}},"1":{"start":{"line":4,"column":2},"end":{"line":4,"column":36}}},"fnMap":{"0":{"name":"(anonymous_0)","decl":{"start":{"line":3,"column":17},"end":{"line":3,"column":18}},"loc":{"start":{"line":3,"column":32},"end":{"line":5,"column":1}},"line":3}},"branchMap":{},"s":{"0":1,"1":1},"f":{"0":1},"b":{},"_coverageSchema":"332fd63041d2c1bcb487cc26dd0d5f7d97098a6c","hash":"e69b03dc25475a62d6de282a88fec0de46e21fb7"}
,"/Users/chenjinxin/chenjinxin/ui/afo-vue-mobile/src/switch/components/switch.vue": {"path":"/Users/chenjinxin/chenjinxin/ui/afo-vue-mobile/src/switch/components/switch.vue","statementMap":{"0":{"start":{"line":24,"column":0},"end":{"line":null,"column":-1}},"1":{"start":{"line":30,"column":0},"end":{"line":null,"column":-1}},"2":{"start":{"line":33,"column":0},"end":{"line":null,"column":-1}},"3":{"start":{"line":34,"column":0},"end":{"line":null,"column":-1}}},"fnMap":{"0":{"name":"data","decl":{"start":{"line":23,"column":0},"end":{"line":null,"column":-1}},"loc":{"start":{"line":23,"column":0},"end":{"line":27,"column":0}}},"1":{"name":"checked","decl":{"start":{"line":29,"column":0},"end":{"line":null,"column":-1}},"loc":{"start":{"line":29,"column":0},"end":{"line":31,"column":0}}},"2":{"name":"checkboxValue","decl":{"start":{"line":32,"column":0},"end":{"line":null,"column":-1}},"loc":{"start":{"line":32,"column":0},"end":{"line":35,"column":0}}}},"branchMap":{},"s":{"0":2,"1":0,"2":0,"3":0},"f":{"0":2,"1":0,"2":0},"b":{}}
,"/Users/chenjinxin/chenjinxin/ui/afo-vue-mobile/src/switch/demo/index.vue": {"path":"/Users/chenjinxin/chenjinxin/ui/afo-vue-mobile/src/switch/demo/index.vue","statementMap":{"0":{"start":{"line":14,"column":0},"end":{"line":null,"column":-1}}},"fnMap":{"0":{"name":"data","decl":{"start":{"line":13,"column":0},"end":{"line":null,"column":-1}},"loc":{"start":{"line":13,"column":0},"end":{"line":17,"column":0}}}},"branchMap":{},"s":{"0":1},"f":{"0":1},"b":{}}
,"/Users/chenjinxin/chenjinxin/ui/afo-vue-mobile/src/tab/index.js": {"path":"/Users/chenjinxin/chenjinxin/ui/afo-vue-mobile/src/tab/index.js","statementMap":{"0":{"start":{"line":3,"column":0},"end":{"line":5,"column":1}},"1":{"start":{"line":4,"column":2},"end":{"line":4,"column":30}}},"fnMap":{"0":{"name":"(anonymous_0)","decl":{"start":{"line":3,"column":14},"end":{"line":3,"column":15}},"loc":{"start":{"line":3,"column":29},"end":{"line":5,"column":1}},"line":3}},"branchMap":{},"s":{"0":1,"1":1},"f":{"0":1},"b":{},"_coverageSchema":"332fd63041d2c1bcb487cc26dd0d5f7d97098a6c","hash":"c5e711527f2be8f0da6f907aba3d6e9e2236e96f"}
,"/Users/chenjinxin/chenjinxin/ui/afo-vue-mobile/src/tab/components/tab.vue": {"path":"/Users/chenjinxin/chenjinxin/ui/afo-vue-mobile/src/tab/components/tab.vue","statementMap":{"0":{"start":{"line":10,"column":0},"end":{"line":null,"column":-1}},"1":{"start":{"line":19,"column":0},"end":{"line":null,"column":-1}},"2":{"start":{"line":25,"column":0},"end":{"line":null,"column":-1}},"3":{"start":{"line":28,"column":0},"end":{"line":null,"column":-1}},"4":{"start":{"line":34,"column":0},"end":{"line":null,"column":-1}},"5":{"start":{"line":38,"column":0},"end":{"line":null,"column":-1}},"6":{"start":{"line":42,"column":0},"end":{"line":null,"column":-1}},"7":{"start":{"line":44,"column":0},"end":{"line":null,"column":-1}},"8":{"start":{"line":46,"column":0},"end":{"line":null,"column":-1}},"9":{"start":{"line":47,"column":0},"end":{"line":null,"column":-1}},"10":{"start":{"line":49,"column":0},"end":{"line":51,"column":0}},"11":{"start":{"line":50,"column":0},"end":{"line":null,"column":-1}},"12":{"start":{"line":54,"column":0},"end":{"line":null,"column":-1}}},"fnMap":{"0":{"name":"data","decl":{"start":{"line":18,"column":0},"end":{"line":null,"column":-1}},"loc":{"start":{"line":18,"column":0},"end":{"line":22,"column":0}}},"1":{"name":"index","decl":{"start":{"line":24,"column":0},"end":{"line":null,"column":-1}},"loc":{"start":{"line":24,"column":0},"end":{"line":26,"column":0}}},"2":{"name":"isSelected","decl":{"start":{"line":27,"column":0},"end":{"line":null,"column":-1}},"loc":{"start":{"line":27,"column":0},"end":{"line":29,"column":0}}},"3":{"name":"parentCurActive","decl":{"start":{"line":33,"column":0},"end":{"line":null,"column":-1}},"loc":{"start":{"line":33,"column":0},"end":{"line":35,"column":0}}},"4":{"name":"title","decl":{"start":{"line":37,"column":0},"end":{"line":null,"column":-1}},"loc":{"start":{"line":37,"column":0},"end":{"line":39,"column":0}}},"5":{"name":"created","decl":{"start":{"line":41,"column":0},"end":{"line":null,"column":-1}},"loc":{"start":{"line":41,"column":0},"end":{"line":43,"column":0}}},"6":{"name":"mounted","decl":{"start":{"line":44,"column":0},"end":{"line":null,"column":-1}},"loc":{"start":{"line":44,"column":0},"end":{"line":52,"column":0}}},"7":{"name":"beforeDestroy","decl":{"start":{"line":53,"column":0},"end":{"line":null,"column":-1}},"loc":{"start":{"line":53,"column":0},"end":{"line":55,"column":0}}}},"branchMap":{"0":{"loc":{"start":{"line":34,"column":0},"end":{"line":null,"column":-1}},"type":"binary-expr","locations":[{"start":{"line":34,"column":0},"end":{"line":null,"column":-1}},{"start":{"line":34,"column":0},"end":{"line":null,"column":-1}}]},"1":{"loc":{"start":{"line":47,"column":0},"end":{"line":null,"column":-1}},"type":"cond-expr","locations":[{"start":{"line":47,"column":0},"end":{"line":null,"column":-1}},{"start":{"line":47,"column":0},"end":{"line":null,"column":-1}}]},"2":{"loc":{"start":{"line":49,"column":0},"end":{"line":51,"column":0}},"type":"if","locations":[{"start":{"line":49,"column":0},"end":{"line":51,"column":0}},{"start":{"line":49,"column":0},"end":{"line":51,"column":0}}]}},"s":{"0":1,"1":30,"2":61,"3":60,"4":30,"5":0,"6":30,"7":30,"8":30,"9":30,"10":30,"11":2,"12":0},"f":{"0":30,"1":61,"2":60,"3":30,"4":0,"5":30,"6":30,"7":0},"b":{"0":[30,30],"1":[0,30],"2":[2,28]}}
,"/Users/chenjinxin/chenjinxin/ui/afo-vue-mobile/src/tab/demo/index.vue": {"path":"/Users/chenjinxin/chenjinxin/ui/afo-vue-mobile/src/tab/demo/index.vue","statementMap":{"0":{"start":{"line":54,"column":0},"end":{"line":null,"column":-1}},"1":{"start":{"line":60,"column":0},"end":{"line":null,"column":-1}},"2":{"start":{"line":63,"column":0},"end":{"line":null,"column":-1}}},"fnMap":{"0":{"name":"data","decl":{"start":{"line":53,"column":0},"end":{"line":null,"column":-1}},"loc":{"start":{"line":53,"column":0},"end":{"line":57,"column":0}}},"1":{"name":"onClickDisabled","decl":{"start":{"line":59,"column":0},"end":{"line":null,"column":-1}},"loc":{"start":{"line":59,"column":0},"end":{"line":61,"column":0}}},"2":{"name":"onClick","decl":{"start":{"line":62,"column":0},"end":{"line":null,"column":-1}},"loc":{"start":{"line":62,"column":0},"end":{"line":64,"column":0}}}},"branchMap":{},"s":{"0":1,"1":0,"2":0},"f":{"0":1,"1":0,"2":0},"b":{}}
,"/Users/chenjinxin/chenjinxin/ui/afo-vue-mobile/src/tabbar/index.js": {"path":"/Users/chenjinxin/chenjinxin/ui/afo-vue-mobile/src/tabbar/index.js","statementMap":{"0":{"start":{"line":3,"column":0},"end":{"line":5,"column":1}},"1":{"start":{"line":4,"column":2},"end":{"line":4,"column":36}}},"fnMap":{"0":{"name":"(anonymous_0)","decl":{"start":{"line":3,"column":17},"end":{"line":3,"column":18}},"loc":{"start":{"line":3,"column":32},"end":{"line":5,"column":1}},"line":3}},"branchMap":{},"s":{"0":1,"1":1},"f":{"0":1},"b":{},"_coverageSchema":"332fd63041d2c1bcb487cc26dd0d5f7d97098a6c","hash":"55b501eccf591949873bf752c62a9891fb47fe92"}
,"/Users/chenjinxin/chenjinxin/ui/afo-vue-mobile/src/tabbar/components/tabbar.vue": {"path":"/Users/chenjinxin/chenjinxin/ui/afo-vue-mobile/src/tabbar/components/tabbar.vue","statementMap":{"0":{"start":{"line":10,"column":0},"end":{"line":null,"column":-1}},"1":{"start":{"line":31,"column":0},"end":{"line":null,"column":-1}},"2":{"start":{"line":37,"column":0},"end":{"line":null,"column":-1}},"3":{"start":{"line":46,"column":0},"end":{"line":null,"column":-1}},"4":{"start":{"line":49,"column":0},"end":{"line":null,"column":-1}},"5":{"start":{"line":54,"column":0},"end":{"line":null,"column":-1}},"6":{"start":{"line":55,"column":0},"end":{"line":57,"column":0}},"7":{"start":{"line":56,"column":0},"end":{"line":null,"column":-1}},"8":{"start":{"line":60,"column":0},"end":{"line":null,"column":-1}},"9":{"start":{"line":62,"column":0},"end":{"line":null,"column":-1}}},"fnMap":{"0":{"name":"data","decl":{"start":{"line":9,"column":0},"end":{"line":null,"column":-1}},"loc":{"start":{"line":9,"column":0},"end":{"line":13,"column":0}}},"1":{"name":"tabbarCls","decl":{"start":{"line":30,"column":0},"end":{"line":null,"column":-1}},"loc":{"start":{"line":30,"column":0},"end":{"line":35,"column":0}}},"2":{"name":"style","decl":{"start":{"line":36,"column":0},"end":{"line":null,"column":-1}},"loc":{"start":{"line":36,"column":0},"end":{"line":41,"column":0}}},"3":{"name":"items","decl":{"start":{"line":45,"column":0},"end":{"line":null,"column":-1}},"loc":{"start":{"line":45,"column":0},"end":{"line":47,"column":0}}},"4":{"name":"value","decl":{"start":{"line":48,"column":0},"end":{"line":null,"column":-1}},"loc":{"start":{"line":48,"column":0},"end":{"line":50,"column":0}}},"5":{"name":"setActiveItem","decl":{"start":{"line":54,"column":0},"end":{"line":null,"column":-1}},"loc":{"start":{"line":54,"column":0},"end":{"line":58,"column":0}}},"6":{"name":"(anonymous_7)","decl":{"start":{"line":55,"column":0},"end":{"line":null,"column":-1}},"loc":{"start":{"line":55,"column":0},"end":{"line":57,"column":0}}},"7":{"name":"onChange","decl":{"start":{"line":59,"column":0},"end":{"line":null,"column":-1}},"loc":{"start":{"line":59,"column":0},"end":{"line":63,"column":0}}}},"branchMap":{},"s":{"0":2,"1":2,"2":2,"3":0,"4":0,"5":0,"6":0,"7":0,"8":0,"9":0},"f":{"0":2,"1":2,"2":2,"3":0,"4":0,"5":0,"6":0,"7":0},"b":{}}
,"/Users/chenjinxin/chenjinxin/ui/afo-vue-mobile/src/tabbar/demo/index.vue": {"path":"/Users/chenjinxin/chenjinxin/ui/afo-vue-mobile/src/tabbar/demo/index.vue","statementMap":{"0":{"start":{"line":21,"column":0},"end":{"line":null,"column":-1}}},"fnMap":{"0":{"name":"data","decl":{"start":{"line":20,"column":0},"end":{"line":null,"column":-1}},"loc":{"start":{"line":20,"column":0},"end":{"line":28,"column":0}}}},"branchMap":{},"s":{"0":1},"f":{"0":1},"b":{}}
,"/Users/chenjinxin/chenjinxin/ui/afo-vue-mobile/src/tabs/index.js": {"path":"/Users/chenjinxin/chenjinxin/ui/afo-vue-mobile/src/tabs/index.js","statementMap":{"0":{"start":{"line":3,"column":0},"end":{"line":5,"column":1}},"1":{"start":{"line":4,"column":2},"end":{"line":4,"column":32}}},"fnMap":{"0":{"name":"(anonymous_0)","decl":{"start":{"line":3,"column":15},"end":{"line":3,"column":16}},"loc":{"start":{"line":3,"column":30},"end":{"line":5,"column":1}},"line":3}},"branchMap":{},"s":{"0":1,"1":1},"f":{"0":1},"b":{},"_coverageSchema":"332fd63041d2c1bcb487cc26dd0d5f7d97098a6c","hash":"e102909264bd08a88e1737a1522ffd09da0683bf"}
,"/Users/chenjinxin/chenjinxin/ui/afo-vue-mobile/src/tabs/tabs.vue": {"path":"/Users/chenjinxin/chenjinxin/ui/afo-vue-mobile/src/tabs/tabs.vue","statementMap":{"0":{"start":{"line":28,"column":0},"end":{"line":null,"column":-1}},"1":{"start":{"line":29,"column":0},"end":{"line":null,"column":-1}},"2":{"start":{"line":30,"column":0},"end":{"line":null,"column":-1}},"3":{"start":{"line":57,"column":0},"end":{"line":59,"column":0}},"4":{"start":{"line":65,"column":0},"end":{"line":66,"column":0}},"5":{"start":{"line":75,"column":0},"end":{"line":null,"column":-1}},"6":{"start":{"line":82,"column":0},"end":{"line":null,"column":-1}},"7":{"start":{"line":87,"column":0},"end":{"line":89,"column":0}},"8":{"start":{"line":88,"column":0},"end":{"line":null,"column":-1}},"9":{"start":{"line":92,"column":0},"end":{"line":null,"column":-1}},"10":{"start":{"line":93,"column":0},"end":{"line":null,"column":-1}},"11":{"start":{"line":94,"column":0},"end":{"line":null,"column":-1}},"12":{"start":{"line":97,"column":0},"end":{"line":null,"column":-1}},"13":{"start":{"line":98,"column":0},"end":{"line":null,"column":-1}},"14":{"start":{"line":101,"column":0},"end":{"line":null,"column":-1}},"15":{"start":{"line":105,"column":0},"end":{"line":null,"column":-1}},"16":{"start":{"line":116,"column":0},"end":{"line":null,"column":-1}},"17":{"start":{"line":118,"column":0},"end":{"line":null,"column":-1}},"18":{"start":{"line":119,"column":0},"end":{"line":null,"column":-1}},"19":{"start":{"line":121,"column":0},"end":{"line":124,"column":0}},"20":{"start":{"line":122,"column":0},"end":{"line":null,"column":-1}},"21":{"start":{"line":123,"column":0},"end":{"line":null,"column":-1}},"22":{"start":{"line":126,"column":0},"end":{"line":null,"column":-1}},"23":{"start":{"line":127,"column":0},"end":{"line":130,"column":0}},"24":{"start":{"line":128,"column":0},"end":{"line":null,"column":-1}},"25":{"start":{"line":129,"column":0},"end":{"line":null,"column":-1}},"26":{"start":{"line":134,"column":0},"end":{"line":null,"column":-1}},"27":{"start":{"line":138,"column":0},"end":{"line":null,"column":-1}},"28":{"start":{"line":142,"column":0},"end":{"line":null,"column":-1}},"29":{"start":{"line":144,"column":0},"end":{"line":null,"column":-1}},"30":{"start":{"line":147,"column":0},"end":{"line":151,"column":0}},"31":{"start":{"line":148,"column":0},"end":{"line":null,"column":-1}},"32":{"start":{"line":149,"column":0},"end":{"line":null,"column":-1}},"33":{"start":{"line":150,"column":0},"end":{"line":null,"column":-1}},"34":{"start":{"line":154,"column":0},"end":{"line":162,"column":0}},"35":{"start":{"line":155,"column":0},"end":{"line":null,"column":-1}},"36":{"start":{"line":154,"column":0},"end":{"line":null,"column":-1}},"37":{"start":{"line":157,"column":0},"end":{"line":null,"column":-1}},"38":{"start":{"line":158,"column":0},"end":{"line":null,"column":-1}},"39":{"start":{"line":159,"column":0},"end":{"line":null,"column":-1}},"40":{"start":{"line":160,"column":0},"end":{"line":null,"column":-1}},"41":{"start":{"line":161,"column":0},"end":{"line":null,"column":-1}},"42":{"start":{"line":165,"column":0},"end":{"line":null,"column":-1}},"43":{"start":{"line":167,"column":0},"end":{"line":null,"column":-1}},"44":{"start":{"line":169,"column":0},"end":{"line":176,"column":0}},"45":{"start":{"line":171,"column":0},"end":{"line":175,"column":0}},"46":{"start":{"line":172,"column":0},"end":{"line":null,"column":-1}},"47":{"start":{"line":180,"column":0},"end":{"line":null,"column":-1}},"48":{"start":{"line":181,"column":0},"end":{"line":null,"column":-1}},"49":{"start":{"line":182,"column":0},"end":{"line":null,"column":-1}},"50":{"start":{"line":183,"column":0},"end":{"line":null,"column":-1}},"51":{"start":{"line":187,"column":0},"end":{"line":193,"column":0}},"52":{"start":{"line":188,"column":0},"end":{"line":null,"column":-1}},"53":{"start":{"line":189,"column":0},"end":{"line":191,"column":0}},"54":{"start":{"line":190,"column":0},"end":{"line":null,"column":-1}},"55":{"start":{"line":192,"column":0},"end":{"line":null,"column":-1}},"56":{"start":{"line":196,"column":0},"end":{"line":null,"column":-1}},"57":{"start":{"line":198,"column":0},"end":{"line":203,"column":0}},"58":{"start":{"line":199,"column":0},"end":{"line":null,"column":-1}},"59":{"start":{"line":201,"column":0},"end":{"line":null,"column":-1}},"60":{"start":{"line":202,"column":0},"end":{"line":null,"column":-1}},"61":{"start":{"line":207,"column":0},"end":{"line":null,"column":-1}},"62":{"start":{"line":208,"column":0},"end":{"line":222,"column":0}},"63":{"start":{"line":209,"column":0},"end":{"line":211,"column":0}},"64":{"start":{"line":210,"column":0},"end":{"line":null,"column":-1}},"65":{"start":{"line":213,"column":0},"end":{"line":null,"column":-1}},"66":{"start":{"line":214,"column":0},"end":{"line":null,"column":-1}},"67":{"start":{"line":215,"column":0},"end":{"line":null,"column":-1}},"68":{"start":{"line":217,"column":0},"end":{"line":null,"column":-1}},"69":{"start":{"line":226,"column":0},"end":{"line":228,"column":0}},"70":{"start":{"line":227,"column":0},"end":{"line":null,"column":-1}},"71":{"start":{"line":230,"column":0},"end":{"line":null,"column":-1}},"72":{"start":{"line":225,"column":0},"end":{"line":null,"column":-1}},"73":{"start":{"line":235,"column":0},"end":{"line":null,"column":-1}},"74":{"start":{"line":240,"column":0},"end":{"line":243,"column":0}},"75":{"start":{"line":241,"column":0},"end":{"line":null,"column":-1}},"76":{"start":{"line":242,"column":0},"end":{"line":null,"column":-1}},"77":{"start":{"line":244,"column":0},"end":{"line":null,"column":-1}},"78":{"start":{"line":245,"column":0},"end":{"line":null,"column":-1}},"79":{"start":{"line":246,"column":0},"end":{"line":252,"column":0}},"80":{"start":{"line":247,"column":0},"end":{"line":null,"column":-1}},"81":{"start":{"line":253,"column":0},"end":{"line":null,"column":-1}},"82":{"start":{"line":257,"column":0},"end":{"line":null,"column":-1}},"83":{"start":{"line":258,"column":0},"end":{"line":261,"column":0}},"84":{"start":{"line":259,"column":0},"end":{"line":null,"column":-1}},"85":{"start":{"line":260,"column":0},"end":{"line":null,"column":-1}}},"fnMap":{"0":{"name":"tabsCls","decl":{"start":{"line":56,"column":0},"end":{"line":null,"column":-1}},"loc":{"start":{"line":56,"column":0},"end":{"line":63,"column":0}}},"1":{"name":"wrapCls","decl":{"start":{"line":64,"column":0},"end":{"line":null,"column":-1}},"loc":{"start":{"line":64,"column":0},"end":{"line":73,"column":0}}},"2":{"name":"navCls","decl":{"start":{"line":74,"column":0},"end":{"line":null,"column":-1}},"loc":{"start":{"line":74,"column":0},"end":{"line":79,"column":0}}},"3":{"name":"scrollable","decl":{"start":{"line":81,"column":0},"end":{"line":null,"column":-1}},"loc":{"start":{"line":81,"column":0},"end":{"line":83,"column":0}}},"4":{"name":"active","decl":{"start":{"line":86,"column":0},"end":{"line":null,"column":-1}},"loc":{"start":{"line":86,"column":0},"end":{"line":90,"column":0}}},"5":{"name":"tabs","decl":{"start":{"line":91,"column":0},"end":{"line":null,"column":-1}},"loc":{"start":{"line":91,"column":0},"end":{"line":95,"column":0}}},"6":{"name":"curActive","decl":{"start":{"line":96,"column":0},"end":{"line":null,"column":-1}},"loc":{"start":{"line":96,"column":0},"end":{"line":99,"column":0}}},"7":{"name":"swipeable","decl":{"start":{"line":100,"column":0},"end":{"line":null,"column":-1}},"loc":{"start":{"line":100,"column":0},"end":{"line":102,"column":0}}},"8":{"name":"data","decl":{"start":{"line":104,"column":0},"end":{"line":null,"column":-1}},"loc":{"start":{"line":104,"column":0},"end":{"line":115,"column":0}}},"9":{"name":"mounted","decl":{"start":{"line":116,"column":0},"end":{"line":null,"column":-1}},"loc":{"start":{"line":116,"column":0},"end":{"line":125,"column":0}}},"10":{"name":"(anonymous_11)","decl":{"start":{"line":121,"column":0},"end":{"line":null,"column":-1}},"loc":{"start":{"line":121,"column":0},"end":{"line":124,"column":0}}},"11":{"name":"activated","decl":{"start":{"line":126,"column":0},"end":{"line":null,"column":-1}},"loc":{"start":{"line":126,"column":0},"end":{"line":131,"column":0}}},"12":{"name":"(anonymous_13)","decl":{"start":{"line":127,"column":0},"end":{"line":null,"column":-1}},"loc":{"start":{"line":127,"column":0},"end":{"line":130,"column":0}}},"13":{"name":"deactivated","decl":{"start":{"line":133,"column":0},"end":{"line":null,"column":-1}},"loc":{"start":{"line":133,"column":0},"end":{"line":135,"column":0}}},"14":{"name":"beforeDestroy","decl":{"start":{"line":137,"column":0},"end":{"line":null,"column":-1}},"loc":{"start":{"line":137,"column":0},"end":{"line":139,"column":0}}},"15":{"name":"handlers","decl":{"start":{"line":142,"column":0},"end":{"line":null,"column":-1}},"loc":{"start":{"line":142,"column":0},"end":{"line":163,"column":0}}},"16":{"name":"onTouchEnd","decl":{"start":{"line":165,"column":0},"end":{"line":null,"column":-1}},"loc":{"start":{"line":165,"column":0},"end":{"line":177,"column":0}}},"17":{"name":"correctActive","decl":{"start":{"line":179,"column":0},"end":{"line":null,"column":-1}},"loc":{"start":{"line":179,"column":0},"end":{"line":184,"column":0}}},"18":{"name":"(anonymous_19)","decl":{"start":{"line":181,"column":0},"end":{"line":null,"column":-1}},"loc":{"start":{"line":181,"column":0},"end":{"line":null,"column":-1}}},"19":{"name":"serCurActive","decl":{"start":{"line":186,"column":0},"end":{"line":null,"column":-1}},"loc":{"start":{"line":186,"column":0},"end":{"line":194,"column":0}}},"20":{"name":"onClick","decl":{"start":{"line":196,"column":0},"end":{"line":null,"column":-1}},"loc":{"start":{"line":196,"column":0},"end":{"line":204,"column":0}}},"21":{"name":"setLine","decl":{"start":{"line":207,"column":0},"end":{"line":null,"column":-1}},"loc":{"start":{"line":207,"column":0},"end":{"line":223,"column":0}}},"22":{"name":"(anonymous_23)","decl":{"start":{"line":208,"column":0},"end":{"line":null,"column":-1}},"loc":{"start":{"line":208,"column":0},"end":{"line":222,"column":0}}},"23":{"name":"scrollIntoView","decl":{"start":{"line":225,"column":0},"end":{"line":null,"column":-1}},"loc":{"start":{"line":225,"column":0},"end":{"line":236,"column":0}}},"24":{"name":"scrollTo","decl":{"start":{"line":239,"column":0},"end":{"line":null,"column":-1}},"loc":{"start":{"line":239,"column":0},"end":{"line":254,"column":0}}},"25":{"name":"animate","decl":{"start":{"line":246,"column":0},"end":{"line":null,"column":-1}},"loc":{"start":{"line":246,"column":0},"end":{"line":252,"column":0}}},"26":{"name":"renderTitle","decl":{"start":{"line":257,"column":0},"end":{"line":null,"column":-1}},"loc":{"start":{"line":257,"column":0},"end":{"line":262,"column":0}}},"27":{"name":"(anonymous_28)","decl":{"start":{"line":258,"column":0},"end":{"line":null,"column":-1}},"loc":{"start":{"line":258,"column":0},"end":{"line":261,"column":0}}}},"branchMap":{"0":{"loc":{"start":{"line":87,"column":0},"end":{"line":89,"column":0}},"type":"if","locations":[{"start":{"line":87,"column":0},"end":{"line":89,"column":0}},{"start":{"line":87,"column":0},"end":{"line":89,"column":0}}]},"1":{"loc":{"start":{"line":92,"column":0},"end":{"line":null,"column":-1}},"type":"binary-expr","locations":[{"start":{"line":92,"column":0},"end":{"line":null,"column":-1}},{"start":{"line":92,"column":0},"end":{"line":null,"column":-1}}]},"2":{"loc":{"start":{"line":144,"column":0},"end":{"line":null,"column":-1}},"type":"binary-expr","locations":[{"start":{"line":144,"column":0},"end":{"line":null,"column":-1}},{"start":{"line":144,"column":0},"end":{"line":null,"column":-1}}]},"3":{"loc":{"start":{"line":147,"column":0},"end":{"line":151,"column":0}},"type":"if","locations":[{"start":{"line":147,"column":0},"end":{"line":151,"column":0}},{"start":{"line":147,"column":0},"end":{"line":151,"column":0}}]},"4":{"loc":{"start":{"line":149,"column":0},"end":{"line":null,"column":-1}},"type":"cond-expr","locations":[{"start":{"line":149,"column":0},"end":{"line":null,"column":-1}},{"start":{"line":149,"column":0},"end":{"line":null,"column":-1}}]},"5":{"loc":{"start":{"line":154,"column":0},"end":{"line":162,"column":0}},"type":"if","locations":[{"start":{"line":154,"column":0},"end":{"line":162,"column":0}},{"start":{"line":154,"column":0},"end":{"line":162,"column":0}}]},"6":{"loc":{"start":{"line":157,"column":0},"end":{"line":null,"column":-1}},"type":"cond-expr","locations":[{"start":{"line":157,"column":0},"end":{"line":null,"column":-1}},{"start":{"line":157,"column":0},"end":{"line":null,"column":-1}}]},"7":{"loc":{"start":{"line":169,"column":0},"end":{"line":176,"column":0}},"type":"if","locations":[{"start":{"line":169,"column":0},"end":{"line":176,"column":0}}]},"8":{"loc":{"start":{"line":169,"column":0},"end":{"line":null,"column":-1}},"type":"binary-expr","locations":[{"start":{"line":169,"column":0},"end":{"line":null,"column":-1}},{"start":{"line":169,"column":0},"end":{"line":null,"column":-1}}]},"9":{"loc":{"start":{"line":171,"column":0},"end":{"line":175,"column":0}},"type":"if","locations":[{"start":{"line":171,"column":0},"end":{"line":175,"column":0}}]},"10":{"loc":{"start":{"line":171,"column":0},"end":{"line":null,"column":-1}},"type":"binary-expr","locations":[{"start":{"line":171,"column":0},"end":{"line":null,"column":-1}},{"start":{"line":171,"column":0},"end":{"line":null,"column":-1}}]},"11":{"loc":{"start":{"line":182,"column":0},"end":{"line":null,"column":-1}},"type":"binary-expr","locations":[{"start":{"line":182,"column":0},"end":{"line":null,"column":-1}},{"start":{"line":182,"column":0},"end":{"line":null,"column":-1}},{"start":{"line":182,"column":0},"end":{"line":null,"column":-1}}]},"12":{"loc":{"start":{"line":183,"column":0},"end":{"line":null,"column":-1}},"type":"cond-expr","locations":[{"start":{"line":183,"column":0},"end":{"line":null,"column":-1}},{"start":{"line":183,"column":0},"end":{"line":null,"column":-1}}]},"13":{"loc":{"start":{"line":187,"column":0},"end":{"line":193,"column":0}},"type":"if","locations":[{"start":{"line":187,"column":0},"end":{"line":193,"column":0}},{"start":{"line":187,"column":0},"end":{"line":193,"column":0}}]},"14":{"loc":{"start":{"line":189,"column":0},"end":{"line":191,"column":0}},"type":"if","locations":[{"start":{"line":189,"column":0},"end":{"line":191,"column":0}},{"start":{"line":189,"column":0},"end":{"line":191,"column":0}}]},"15":{"loc":{"start":{"line":198,"column":0},"end":{"line":203,"column":0}},"type":"if","locations":[{"start":{"line":198,"column":0},"end":{"line":203,"column":0}},{"start":{"line":198,"column":0},"end":{"line":203,"column":0}}]},"16":{"loc":{"start":{"line":209,"column":0},"end":{"line":211,"column":0}},"type":"if","locations":[{"start":{"line":209,"column":0},"end":{"line":211,"column":0}},{"start":{"line":209,"column":0},"end":{"line":211,"column":0}}]},"17":{"loc":{"start":{"line":209,"column":0},"end":{"line":null,"column":-1}},"type":"binary-expr","locations":[{"start":{"line":209,"column":0},"end":{"line":null,"column":-1}},{"start":{"line":209,"column":0},"end":{"line":null,"column":-1}}]},"18":{"loc":{"start":{"line":214,"column":0},"end":{"line":null,"column":-1}},"type":"binary-expr","locations":[{"start":{"line":214,"column":0},"end":{"line":null,"column":-1}},{"start":{"line":214,"column":0},"end":{"line":null,"column":-1}}]},"19":{"loc":{"start":{"line":226,"column":0},"end":{"line":228,"column":0}},"type":"if","locations":[{"start":{"line":226,"column":0},"end":{"line":228,"column":0}},{"start":{"line":226,"column":0},"end":{"line":228,"column":0}}]},"20":{"loc":{"start":{"line":226,"column":0},"end":{"line":null,"column":-1}},"type":"binary-expr","locations":[{"start":{"line":226,"column":0},"end":{"line":null,"column":-1}},{"start":{"line":226,"column":0},"end":{"line":null,"column":-1}}]},"21":{"loc":{"start":{"line":240,"column":0},"end":{"line":243,"column":0}},"type":"if","locations":[{"start":{"line":240,"column":0},"end":{"line":243,"column":0}},{"start":{"line":240,"column":0},"end":{"line":243,"column":0}}]}},"s":{"0":1,"1":1,"2":1,"3":7,"4":14,"5":7,"6":14,"7":0,"8":0,"9":7,"10":7,"11":7,"12":7,"13":7,"14":0,"15":7,"16":7,"17":7,"18":7,"19":7,"20":7,"21":7,"22":0,"23":0,"24":0,"25":0,"26":0,"27":0,"28":7,"29":7,"30":7,"31":7,"32":7,"33":7,"34":7,"35":1,"36":1,"37":1,"38":1,"39":1,"40":1,"41":1,"42":0,"43":0,"44":0,"45":0,"46":0,"47":14,"48":28,"49":14,"50":14,"51":14,"52":7,"53":7,"54":0,"55":7,"56":0,"57":0,"58":0,"59":0,"60":0,"61":21,"62":21,"63":21,"64":3,"65":18,"66":18,"67":18,"68":18,"69":21,"70":18,"71":3,"72":15,"73":3,"74":3,"75":1,"76":1,"77":2,"78":2,"79":2,"80":2,"81":2,"82":2,"83":2,"84":2,"85":2},"f":{"0":7,"1":14,"2":7,"3":14,"4":0,"5":7,"6":7,"7":0,"8":7,"9":7,"10":7,"11":0,"12":0,"13":0,"14":0,"15":7,"16":0,"17":14,"18":14,"19":14,"20":0,"21":21,"22":21,"23":21,"24":3,"25":2,"26":2,"27":2},"b":{"0":[0,0],"1":[7,7],"2":[7,1],"3":[7,0],"4":[7,0],"5":[1,6],"6":[1,0],"7":[0],"8":[0,0],"9":[0],"10":[0,0],"11":[14,0,0],"12":[14,0],"13":[7,7],"14":[0,7],"15":[0,0],"16":[3,18],"17":[21,21],"18":[18,18],"19":[18,3],"20":[21,3],"21":[1,2]}}
,"/Users/chenjinxin/chenjinxin/ui/afo-vue-mobile/src/tag/index.js": {"path":"/Users/chenjinxin/chenjinxin/ui/afo-vue-mobile/src/tag/index.js","statementMap":{"0":{"start":{"line":3,"column":0},"end":{"line":5,"column":1}},"1":{"start":{"line":4,"column":2},"end":{"line":4,"column":30}}},"fnMap":{"0":{"name":"(anonymous_0)","decl":{"start":{"line":3,"column":14},"end":{"line":3,"column":15}},"loc":{"start":{"line":3,"column":29},"end":{"line":5,"column":1}},"line":3}},"branchMap":{},"s":{"0":1,"1":1},"f":{"0":1},"b":{},"_coverageSchema":"332fd63041d2c1bcb487cc26dd0d5f7d97098a6c","hash":"32249adf6d39f4db06f93979c9d38eac8c8dc1c2"}
,"/Users/chenjinxin/chenjinxin/ui/afo-vue-mobile/src/tag/components/tag.vue": {"path":"/Users/chenjinxin/chenjinxin/ui/afo-vue-mobile/src/tag/components/tag.vue","statementMap":{"0":{"start":{"line":27,"column":0},"end":{"line":null,"column":-1}},"1":{"start":{"line":43,"column":0},"end":{"line":46,"column":0}}},"fnMap":{"0":{"name":"validator","decl":{"start":{"line":26,"column":0},"end":{"line":null,"column":-1}},"loc":{"start":{"line":26,"column":0},"end":{"line":30,"column":0}}},"1":{"name":"wrapCls","decl":{"start":{"line":42,"column":0},"end":{"line":null,"column":-1}},"loc":{"start":{"line":42,"column":0},"end":{"line":48,"column":0}}}},"branchMap":{"0":{"loc":{"start":{"line":43,"column":0},"end":{"line":null,"column":-1}},"type":"cond-expr","locations":[{"start":{"line":43,"column":0},"end":{"line":null,"column":-1}},{"start":{"line":43,"column":0},"end":{"line":null,"column":-1}}]}},"s":{"0":11,"1":11},"f":{"0":11,"1":11},"b":{"0":[4,7]}}
}
