TN:
SF:/Users/chenjinxin/chenjinxin/ui/afo-vue-mobile/src/button/index.js
FN:3,(anonymous_0)
FNF:1
FNH:1
FNDA:1,(anonymous_0)
DA:3,1
DA:4,1
LF:2
LH:2
BRF:0
BRH:0
end_of_record
TN:
SF:/Users/chenjinxin/chenjinxin/ui/afo-vue-mobile/src/button/components/button.vue
FN:34,validator
FN:43,validator
FN:52,validator
FN:80,handleClick
FN:88,btnClass
FNF:5
FNH:5
FNDA:20,validator
FNDA:20,validator
FNDA:20,validator
FNDA:2,handleClick
FNDA:5,btnClass
DA:35,20
DA:44,20
DA:53,20
DA:81,2
DA:82,1
DA:84,1
DA:89,5
LF:7
LH:7
BRDA:81,0,0,1
BRDA:81,0,1,1
BRDA:81,1,0,2
BRDA:81,1,1,1
BRDA:89,2,0,1
BRDA:89,2,1,4
BRF:6
BRH:6
end_of_record
TN:
SF:/Users/chenjinxin/chenjinxin/ui/afo-vue-mobile/src/icon/index.js
FN:3,(anonymous_0)
FNF:1
FNH:1
FNDA:1,(anonymous_0)
DA:3,1
DA:4,1
LF:2
LH:2
BRF:0
BRH:0
end_of_record
TN:
SF:/Users/chenjinxin/chenjinxin/ui/afo-vue-mobile/src/icon/components/icon.vue
FN:22,handleClick
FN:27,iconClass
FNF:2
FNH:2
FNDA:1,handleClick
FNDA:3,iconClass
DA:23,1
DA:28,3
LF:2
LH:2
BRF:0
BRH:0
end_of_record
TN:
SF:/Users/chenjinxin/chenjinxin/ui/afo-vue-mobile/src/icon/demo/index.vue
FN:12,data
FNF:1
FNH:1
FNDA:1,data
DA:13,1
LF:1
LH:1
BRF:0
BRH:0
end_of_record
