TN:
SF:/Users/chenjinxin/chenjinxin/ui/afo-vue-mobile/common/mixins/touch.js
FNF:0
FNH:0
DA:4,0
DA:5,0
DA:6,0
DA:7,0
DA:8,0
DA:9,0
DA:10,0
DA:13,0
DA:14,0
DA:15,0
DA:16,0
DA:17,0
DA:18,0
LF:13
LH:0
BRDA:18,0,0,0
BRDA:18,0,1,0
BRDA:18,1,0,0
BRDA:18,1,1,0
BRF:4
BRH:0
end_of_record
TN:
SF:/Users/chenjinxin/chenjinxin/ui/afo-vue-mobile/src/slider/index.js
FN:3,(anonymous_0)
FNF:1
FNH:1
FNDA:1,(anonymous_0)
DA:3,1
DA:4,1
LF:2
LH:2
BRF:0
BRH:0
end_of_record
TN:
SF:/Users/chenjinxin/chenjinxin/ui/afo-vue-mobile/src/slider/components/slider.vue
FN:44,sliderCls
FN:50,barStyle
FN:58,onTouchStart
FN:63,onTouchMove
FN:71,onTouchEnd
FN:75,onClick
FN:81,updateValue
FN:89,format
FNF:8
FNH:3
FNDA:4,sliderCls
FNDA:4,barStyle
FNDA:0,onTouchStart
FNDA:0,onTouchMove
FNDA:0,onTouchEnd
FNDA:0,onClick
FNDA:0,updateValue
FNDA:4,format
DA:16,1
DA:45,4
DA:51,4
DA:59,0
DA:60,0
DA:61,0
DA:64,0
DA:66,0
DA:67,0
DA:68,0
DA:69,0
DA:72,0
DA:73,0
DA:76,0
DA:77,0
DA:78,0
DA:79,0
DA:82,0
DA:83,0
DA:85,0
DA:86,0
DA:90,4
LF:22
LH:4
BRDA:59,0,0,0
BRDA:59,0,1,0
BRDA:64,1,0,0
BRDA:64,1,1,0
BRDA:72,2,0,0
BRDA:72,2,1,0
BRDA:76,3,0,0
BRDA:76,3,1,0
BRDA:85,4,0,0
BRDA:85,4,1,0
BRF:10
BRH:0
end_of_record
TN:
SF:/Users/chenjinxin/chenjinxin/ui/afo-vue-mobile/src/slider/demo/index.vue
FN:19,data
FN:25,onChange
FNF:2
FNH:1
FNDA:1,data
FNDA:0,onChange
DA:20,1
DA:26,0
LF:2
LH:1
BRF:0
BRH:0
end_of_record
TN:
SF:/Users/chenjinxin/chenjinxin/ui/afo-vue-mobile/src/steps/index.js
FN:3,(anonymous_0)
FNF:1
FNH:1
FNDA:1,(anonymous_0)
DA:3,1
DA:4,1
LF:2
LH:2
BRF:0
BRH:0
end_of_record
TN:
SF:/Users/chenjinxin/chenjinxin/ui/afo-vue-mobile/src/steps/components/steps.vue
FN:39,stepsCls
FN:45,itemsCls
FN:52,data
FNF:3
FNH:3
FNDA:2,stepsCls
FNDA:2,itemsCls
FNDA:2,data
DA:40,2
DA:46,2
DA:53,2
LF:3
LH:3
BRDA:48,0,0,2
BRDA:48,0,1,2
BRF:2
BRH:2
end_of_record
TN:
SF:/Users/chenjinxin/chenjinxin/ui/afo-vue-mobile/src/steps/demo/index.vue
FN:31,data
FN:47,nextStep
FNF:2
FNH:1
FNDA:1,data
FNDA:0,nextStep
DA:32,1
DA:48,0
DA:49,0
LF:3
LH:1
BRF:0
BRH:0
end_of_record
